<?xml version="1.0" encoding="UTF-8"?>
<testsuites name="Test Kumparan" time="118" tests="2" failures="1" errors="0">
   <testsuite name="Test Kumparan" tests="2" failures="1" errors="0" time="118" timestamp="2018-11-22 14:07:19" hostname="User - 10.200.35.103" id="Test Suites/Test Kumparan">
      <properties>
         <property name="deviceName" value=""/>
         <property name="devicePlatform" value=""/>
         <property name="logFolder" value="E:\\Kumparan\\Test Kumparan\\Reports\\Test Kumparan\\20181122_140717"/>
         <property name="logFiles" value="E:\\Kumparan\\Test Kumparan\\Reports\\Test Kumparan\\20181122_140717\\execution0.log"/>
         <property name="attachments" value="E:\\Kumparan\\Test Kumparan\\Reports\\Test Kumparan\\20181122_140717\\1542870557243.png"/>
         <property name="hostName" value="User - 10.200.35.103"/>
         <property name="os" value="Windows 8.1 64bit"/>
         <property name="katalonVersion" value="5.8.3.2"/>
         <property name="browser" value="Chrome 70.0.3538.102"/>
         <property name="hostAddress" value="10.200.35.103"/>
         <property name="sessionId" value="3f83f533246a2bf29dedbf43a1db0c68"/>
         <property name="seleniumVersion" value="3.7.1"/>
         <property name="proxyInformation" value="ProxyInformation{proxyOption=NO_PROXY, proxyServerType=HTTP, password=, proxyServerAddress=, proxyServerPort=0}"/>
         <property name="platform" value="Windows 8.1"/>
      </properties>
      <testcase name="Test Cases/Kumparan/Login/Login With FB" classname="Test Cases/Kumparan/Login/Login With FB" status="PASSED">
         <system-out><![CDATA[2018-11-22 14:07:19 - [TEST_CASE][PASSED] - Test Cases/Kumparan/Login/Login With FB: Test Cases/Kumparan/Login/Login With FB

2018-11-22 14:07:20 - [TEST_STEP][PASSED] - openBrowser: Browser is opened with url: 'null'

2018-11-22 14:07:23 - [MESSAGE][PASSED] - Browser is opened with url: 'null'

2018-11-22 14:07:23 - [TEST_STEP][PASSED] - com.kumparan.Web.openUrl: com.kumparan.Web.openUrl is PASSED

2018-11-22 14:07:42 - [MESSAGE][PASSED] - Navigate to 'https://kumparan.com/' successfully

2018-11-22 14:07:42 - [MESSAGE][PASSED] - Wait for page load successfully

2018-11-22 14:07:43 - [MESSAGE][PASSED] - Viewport is set to new size with width = 1840 and height = 4000

2018-11-22 14:07:43 - [MESSAGE][PASSED] - com.kumparan.Web.openUrl is PASSED

2018-11-22 14:07:43 - [TEST_STEP][PASSED] - maximizeWindow: Current window maximized

2018-11-22 14:07:43 - [MESSAGE][PASSED] - Current window maximized

2018-11-22 14:07:43 - [TEST_STEP][PASSED] - setViewPortSize: Viewport is set to new size with width = 1200 and height = 653

2018-11-22 14:07:43 - [MESSAGE][PASSED] - Viewport height is 653

2018-11-22 14:07:43 - [MESSAGE][PASSED] - Viewport is set to new size with width = 1200 and height = 653

2018-11-22 14:07:43 - [TEST_STEP][PASSED] - waitForElementClickable: Object 'Object Repository/WebPage/Login Page/ElementNotif' is clickable

2018-11-22 14:07:43 - [MESSAGE][PASSED] - Object 'Object Repository/WebPage/Login Page/ElementNotif' is clickable

2018-11-22 14:07:43 - [TEST_STEP][PASSED] - click: Object: 'Object Repository/WebPage/Login Page/btnNoPushNotif' is clicked on

2018-11-22 14:07:43 - [MESSAGE][PASSED] - Object: 'Object Repository/WebPage/Login Page/btnNoPushNotif' is clicked on

2018-11-22 14:07:43 - [TEST_STEP][PASSED] - delay: Delayed 2 second(s)

2018-11-22 14:07:46 - [MESSAGE][PASSED] - Delayed 2 second(s)

2018-11-22 14:07:46 - [TEST_STEP][PASSED] - click: Object: 'Object Repository/WebPage/Login Page/btnLogin' is clicked on

2018-11-22 14:07:46 - [MESSAGE][PASSED] - Object: 'Object Repository/WebPage/Login Page/btnLogin' is clicked on

2018-11-22 14:07:46 - [TEST_STEP][PASSED] - delay: Delayed 2 second(s)

2018-11-22 14:07:48 - [MESSAGE][PASSED] - Delayed 2 second(s)

2018-11-22 14:07:48 - [TEST_STEP][PASSED] - click: Object: 'Object Repository/WebPage/Login Page/btnFacebook' is clicked on

2018-11-22 14:07:48 - [MESSAGE][PASSED] - Object: 'Object Repository/WebPage/Login Page/btnFacebook' is clicked on

2018-11-22 14:07:48 - [TEST_STEP][PASSED] - delay: Delayed 2 second(s)

2018-11-22 14:07:50 - [MESSAGE][PASSED] - Delayed 2 second(s)

2018-11-22 14:07:50 - [TEST_STEP][PASSED] - switchToWindowIndex: Switched to window with index: '1'

2018-11-22 14:07:50 - [MESSAGE][PASSED] - Switched to window with index: '1'

2018-11-22 14:07:50 - [TEST_STEP][PASSED] - verifyElementVisible: Object 'Object Repository/WebPage/Login Page/Facebook Page/lblFbLoginPopup' is visible

2018-11-22 14:07:51 - [MESSAGE][PASSED] - Object 'Object Repository/WebPage/Login Page/Facebook Page/lblFbLoginPopup' is visible

2018-11-22 14:07:51 - [TEST_STEP][PASSED] - setText: Text 'mysoul88@gmail.com' is set on object 'Object Repository/WebPage/Login Page/Facebook Page/txtFbLoginEmail'

2018-11-22 14:07:52 - [MESSAGE][PASSED] - Text 'mysoul88@gmail.com' is set on object 'Object Repository/WebPage/Login Page/Facebook Page/txtFbLoginEmail'

2018-11-22 14:07:52 - [TEST_STEP][PASSED] - setText: Text '88151400++Facebook' is set on object 'Object Repository/WebPage/Login Page/Facebook Page/txtFbLoginPassword'

2018-11-22 14:07:52 - [MESSAGE][PASSED] - Text '88151400++Facebook' is set on object 'Object Repository/WebPage/Login Page/Facebook Page/txtFbLoginPassword'

2018-11-22 14:07:52 - [TEST_STEP][PASSED] - click: Object: 'Object Repository/WebPage/Login Page/Facebook Page/btnFbLogin' is clicked on

2018-11-22 14:07:52 - [MESSAGE][PASSED] - Object: 'Object Repository/WebPage/Login Page/Facebook Page/btnFbLogin' is clicked on

2018-11-22 14:07:52 - [TEST_STEP][PASSED] - switchToWindowIndex: Switched to window with index: '0'

2018-11-22 14:07:52 - [MESSAGE][PASSED] - Switched to window with index: '0'

2018-11-22 14:07:52 - [TEST_STEP][PASSED] - delay: Delayed 5 second(s)

2018-11-22 14:07:57 - [MESSAGE][PASSED] - Delayed 5 second(s)

2018-11-22 14:07:57 - [TEST_STEP][PASSED] - closeBrowser: Browser is closed

2018-11-22 14:07:58 - [MESSAGE][PASSED] - Browser is closed]]></system-out>
         <system-err><![CDATA[]]></system-err>
      </testcase>
      <testcase name="Test Cases/Kumparan/Login/Login With Google" classname="Test Cases/Kumparan/Login/Login With Google" status="PASSED">
         <system-out><![CDATA[2018-11-22 14:07:58 - [TEST_CASE][PASSED] - Test Cases/Kumparan/Login/Login With Google: Test Cases/Kumparan/Login/Login With Google

2018-11-22 14:07:58 - [TEST_STEP][PASSED] - openBrowser: Browser is opened with url: 'null'

2018-11-22 14:08:00 - [MESSAGE][PASSED] - Browser is opened with url: 'null'

2018-11-22 14:08:00 - [TEST_STEP][PASSED] - com.kumparan.Web.openUrl: com.kumparan.Web.openUrl is PASSED

2018-11-22 14:08:08 - [MESSAGE][PASSED] - Navigate to 'https://kumparan.com/' successfully

2018-11-22 14:08:08 - [MESSAGE][PASSED] - Wait for page load successfully

2018-11-22 14:08:09 - [MESSAGE][PASSED] - Viewport is set to new size with width = 1840 and height = 4000

2018-11-22 14:08:09 - [MESSAGE][PASSED] - com.kumparan.Web.openUrl is PASSED

2018-11-22 14:08:09 - [TEST_STEP][PASSED] - maximizeWindow: Current window maximized

2018-11-22 14:08:09 - [MESSAGE][PASSED] - Current window maximized

2018-11-22 14:08:09 - [TEST_STEP][PASSED] - setViewPortSize: Viewport is set to new size with width = 1200 and height = 653

2018-11-22 14:08:09 - [MESSAGE][PASSED] - Viewport height is 653

2018-11-22 14:08:09 - [MESSAGE][PASSED] - Viewport is set to new size with width = 1200 and height = 653

2018-11-22 14:08:09 - [TEST_STEP][PASSED] - waitForElementClickable: Object 'Object Repository/WebPage/Login Page/ElementNotif' is clickable

2018-11-22 14:08:11 - [MESSAGE][PASSED] - Object 'Object Repository/WebPage/Login Page/ElementNotif' is clickable

2018-11-22 14:08:11 - [TEST_STEP][PASSED] - click: Object: 'Object Repository/WebPage/Login Page/btnNoPushNotif' is clicked on

2018-11-22 14:08:12 - [MESSAGE][PASSED] - Object: 'Object Repository/WebPage/Login Page/btnNoPushNotif' is clicked on

2018-11-22 14:08:12 - [TEST_STEP][PASSED] - delay: Delayed 2 second(s)

2018-11-22 14:08:14 - [MESSAGE][PASSED] - Delayed 2 second(s)

2018-11-22 14:08:14 - [TEST_STEP][PASSED] - click: Object: 'Object Repository/WebPage/Login Page/btnLogin' is clicked on

2018-11-22 14:08:32 - [MESSAGE][PASSED] - Object: 'Object Repository/WebPage/Login Page/btnLogin' is clicked on

2018-11-22 14:08:32 - [TEST_STEP][PASSED] - delay: Delayed 2 second(s)

2018-11-22 14:08:34 - [MESSAGE][PASSED] - Delayed 2 second(s)

2018-11-22 14:08:34 - [TEST_STEP][PASSED] - click: Object: 'Object Repository/WebPage/Login Page/btnGoogle' is clicked on

2018-11-22 14:08:34 - [MESSAGE][PASSED] - Object: 'Object Repository/WebPage/Login Page/btnGoogle' is clicked on

2018-11-22 14:08:34 - [TEST_STEP][PASSED] - delay: Delayed 2 second(s)

2018-11-22 14:08:36 - [MESSAGE][PASSED] - Delayed 2 second(s)

2018-11-22 14:08:36 - [TEST_STEP][PASSED] - switchToWindowIndex: Switched to window with index: '1'

2018-11-22 14:08:37 - [MESSAGE][PASSED] - Switched to window with index: '1'

2018-11-22 14:08:37 - [TEST_STEP][PASSED] - verifyElementVisible: Object 'Object Repository/WebPage/Login Page/lblGLoginPopup' is visible

2018-11-22 14:08:38 - [MESSAGE][PASSED] - Object 'Object Repository/WebPage/Login Page/lblGLoginPopup' is visible

2018-11-22 14:08:38 - [TEST_STEP][PASSED] - setText: Text 'mysoul88@gmail.com' is set on object 'Object Repository/WebPage/Login Page/txtGEmail'

2018-11-22 14:08:38 - [MESSAGE][PASSED] - Text 'mysoul88@gmail.com' is set on object 'Object Repository/WebPage/Login Page/txtGEmail'

2018-11-22 14:08:38 - [TEST_STEP][PASSED] - click: Object: 'Object Repository/WebPage/Login Page/btnGNext' is clicked on

2018-11-22 14:08:38 - [MESSAGE][PASSED] - Object: 'Object Repository/WebPage/Login Page/btnGNext' is clicked on

2018-11-22 14:08:38 - [TEST_STEP][PASSED] - delay: Delayed 3 second(s)

2018-11-22 14:08:41 - [MESSAGE][PASSED] - Delayed 3 second(s)

2018-11-22 14:08:41 - [TEST_STEP][PASSED] - setText: Text '88151400++Gmail' is set on object 'Object Repository/WebPage/Login Page/txtGPassword'

2018-11-22 14:08:41 - [MESSAGE][PASSED] - Text '88151400++Gmail' is set on object 'Object Repository/WebPage/Login Page/txtGPassword'

2018-11-22 14:08:41 - [TEST_STEP][PASSED] - click: Object: 'Object Repository/WebPage/Login Page/btnGNext' is clicked on

2018-11-22 14:08:41 - [MESSAGE][PASSED] - Object: 'Object Repository/WebPage/Login Page/btnGNext' is clicked on

2018-11-22 14:08:41 - [TEST_STEP][PASSED] - switchToWindowIndex: Switched to window with index: '0'

2018-11-22 14:08:42 - [MESSAGE][PASSED] - Switched to window with index: '0'

2018-11-22 14:08:42 - [TEST_STEP][PASSED] - delay: Delayed 5 second(s)

2018-11-22 14:08:47 - [MESSAGE][PASSED] - Delayed 5 second(s)

2018-11-22 14:08:47 - [TEST_STEP][PASSED] - closeBrowser: Browser is closed

2018-11-22 14:08:47 - [MESSAGE][PASSED] - Browser is closed]]></system-out>
         <system-err><![CDATA[]]></system-err>
      </testcase>
      <testcase name="Test Cases/Kumparan/Comment/Comment With Login FB" classname="Test Cases/Kumparan/Comment/Comment With Login FB" status="FAILED">
         <failure type="FAILED" message="(Stack trace: com.kms.katalon.core.exception.StepFailedException: Unable to click on object 'Object Repository/WebPage/Home/lblTrending' (Root cause: org.openqa.selenium.WebDriverException: unknown error: Element &lt;a class=&quot;ListItemweb__Item-sc-1x1jqof-0 ezBswX LabelLinkweb-g6i50g-0 cujMCf&quot; data-qa-id=&quot;menu-item-1&quot; href=&quot;/trending&quot;>...&lt;/a> is not clickable at point (122, 120). Other element would receive the click: &lt;div class=&quot;View__StyledView-sc-1nce11s-0 cjtDHW&quot; opacity=&quot;1&quot;>...&lt;/div>
  (Session info: chrome=70.0.3538.102)
  (Driver info: chromedriver=2.35.528161 (5b82f2d2aae0ca24b877009200ced9065a772e73),platform=Windows NT 6.3.9600 x86_64) (WARNING: The server did not provide any stacktrace information)
Command duration or timeout: 0 milliseconds
Build info: version: '3.7.1', revision: '8a0099a', time: '2017-11-06T21:07:36.161Z'
System info: host: 'LENOVO', ip: '10.200.35.103', os.name: 'Windows 8.1', os.arch: 'amd64', os.version: '6.3', java.version: '1.8.0_181'
Driver info: com.kms.katalon.selenium.driver.CChromeDriver
Capabilities {acceptInsecureCerts: false, acceptSslCerts: false, applicationCacheEnabled: false, browserConnectionEnabled: false, browserName: chrome, chrome: {chromedriverVersion: 2.35.528161 (5b82f2d2aae0ca..., userDataDir: C:\Users\User\AppData\Local...}, cssSelectorsEnabled: true, databaseEnabled: false, handlesAlerts: true, hasTouchScreen: false, javascriptEnabled: true, locationContextEnabled: true, mobileEmulationEnabled: false, nativeEvents: true, networkConnectionEnabled: false, pageLoadStrategy: normal, platform: XP, platformName: XP, rotatable: false, setWindowRect: true, takesHeapSnapshot: true, takesScreenshot: true, unexpectedAlertBehaviour: , unhandledPromptBehavior: , version: 70.0.3538.102, webStorageEnabled: true}
Session ID: 3f83f533246a2bf29dedbf43a1db0c68)
	at com.kms.katalon.core.keyword.internal.KeywordMain.stepFailed(KeywordMain.groovy:36)
	at com.kms.katalon.core.webui.keyword.internal.WebUIKeywordMain.stepFailed(WebUIKeywordMain.groovy:65)
	at com.kms.katalon.core.webui.keyword.internal.WebUIKeywordMain.runKeyword(WebUIKeywordMain.groovy:27)
	at com.kms.katalon.core.webui.keyword.builtin.ClickKeyword.click(ClickKeyword.groovy:86)
	at com.kms.katalon.core.webui.keyword.builtin.ClickKeyword.execute(ClickKeyword.groovy:67)
	at com.kms.katalon.core.keyword.internal.KeywordExecutor.executeKeywordForPlatform(KeywordExecutor.groovy:53)
	at com.kms.katalon.core.webui.keyword.WebUiBuiltInKeywords.click(WebUiBuiltInKeywords.groovy:616)
	at com.kms.katalon.core.webui.keyword.WebUiBuiltInKeywords$click$6.call(Unknown Source)
	at org.codehaus.groovy.runtime.callsite.CallSiteArray.defaultCall(CallSiteArray.java:48)
	at org.codehaus.groovy.runtime.callsite.AbstractCallSite.call(AbstractCallSite.java:113)
	at org.codehaus.groovy.runtime.callsite.AbstractCallSite.call(AbstractCallSite.java:125)
	at Script1542797500707.run(Script1542797500707.groovy:50)
	at com.kms.katalon.core.main.ScriptEngine.run(ScriptEngine.java:183)
	at com.kms.katalon.core.main.ScriptEngine.runScriptAsRawText(ScriptEngine.java:108)
	at com.kms.katalon.core.main.TestCaseExecutor.runScript(TestCaseExecutor.java:294)
	at com.kms.katalon.core.main.TestCaseExecutor.doExecute(TestCaseExecutor.java:285)
	at com.kms.katalon.core.main.TestCaseExecutor.processExecutionPhase(TestCaseExecutor.java:264)
	at com.kms.katalon.core.main.TestCaseExecutor.accessMainPhase(TestCaseExecutor.java:256)
	at com.kms.katalon.core.main.TestCaseExecutor.execute(TestCaseExecutor.java:200)
	at com.kms.katalon.core.main.TestSuiteExecutor.accessTestCaseMainPhase(TestSuiteExecutor.java:129)
	at com.kms.katalon.core.main.TestSuiteExecutor.accessTestSuiteMainPhase(TestSuiteExecutor.java:112)
	at com.kms.katalon.core.main.TestSuiteExecutor.execute(TestSuiteExecutor.java:81)
	at com.kms.katalon.core.main.TestCaseMain.startTestSuite(TestCaseMain.java:142)
	at com.kms.katalon.core.main.TestCaseMain$startTestSuite$0.call(Unknown Source)
	at org.codehaus.groovy.runtime.callsite.CallSiteArray.defaultCall(CallSiteArray.java:48)
	at org.codehaus.groovy.runtime.callsite.AbstractCallSite.call(AbstractCallSite.java:113)
	at org.codehaus.groovy.runtime.callsite.AbstractCallSite.call(AbstractCallSite.java:141)
	at TempTestSuite1542870437192.run(TempTestSuite1542870437192.groovy:36)
	at groovy.lang.GroovyShell.runScriptOrMainOrTestOrRunnable(GroovyShell.java:263)
	at groovy.lang.GroovyShell.run(GroovyShell.java:518)
	at groovy.lang.GroovyShell.run(GroovyShell.java:507)
	at groovy.ui.GroovyMain.processOnce(GroovyMain.java:653)
	at groovy.ui.GroovyMain.run(GroovyMain.java:384)
	at groovy.ui.GroovyMain.process(GroovyMain.java:370)
	at groovy.ui.GroovyMain.processArgs(GroovyMain.java:129)
	at groovy.ui.GroovyMain.main(GroovyMain.java:109)
	at sun.reflect.NativeMethodAccessorImpl.invoke0(Native Method)
	at sun.reflect.NativeMethodAccessorImpl.invoke(NativeMethodAccessorImpl.java:62)
	at sun.reflect.DelegatingMethodAccessorImpl.invoke(DelegatingMethodAccessorImpl.java:43)
	at java.lang.reflect.Method.invoke(Method.java:498)
	at org.codehaus.groovy.tools.GroovyStarter.rootLoader(GroovyStarter.java:109)
	at org.codehaus.groovy.tools.GroovyStarter.main(GroovyStarter.java:131)
)"/>
         <system-out><![CDATA[2018-11-22 14:08:47 - [TEST_CASE][FAILED] - Test Cases/Kumparan/Comment/Comment With Login FB: Test Cases/Kumparan/Comment/Comment With Login FB FAILED because (of) (Stack trace: com.kms.katalon.core.exception.StepFailedException: Unable to click on object 'Object Repository/WebPage/Home/lblTrending' (Root cause: org.openqa.selenium.WebDriverException: unknown error: Element <a class="ListItemweb__Item-sc-1x1jqof-0 ezBswX LabelLinkweb-g6i50g-0 cujMCf" data-qa-id="menu-item-1" href="/trending">...</a> is not clickable at point (122, 120). Other element would receive the click: <div class="View__StyledView-sc-1nce11s-0 cjtDHW" opacity="1">...</div>
  (Session info: chrome=70.0.3538.102)
  (Driver info: chromedriver=2.35.528161 (5b82f2d2aae0ca24b877009200ced9065a772e73),platform=Windows NT 6.3.9600 x86_64) (WARNING: The server did not provide any stacktrace information)
Command duration or timeout: 0 milliseconds
Build info: version: '3.7.1', revision: '8a0099a', time: '2017-11-06T21:07:36.161Z'
System info: host: 'LENOVO', ip: '10.200.35.103', os.name: 'Windows 8.1', os.arch: 'amd64', os.version: '6.3', java.version: '1.8.0_181'
Driver info: com.kms.katalon.selenium.driver.CChromeDriver
Capabilities {acceptInsecureCerts: false, acceptSslCerts: false, applicationCacheEnabled: false, browserConnectionEnabled: false, browserName: chrome, chrome: {chromedriverVersion: 2.35.528161 (5b82f2d2aae0ca..., userDataDir: C:\Users\User\AppData\Local...}, cssSelectorsEnabled: true, databaseEnabled: false, handlesAlerts: true, hasTouchScreen: false, javascriptEnabled: true, locationContextEnabled: true, mobileEmulationEnabled: false, nativeEvents: true, networkConnectionEnabled: false, pageLoadStrategy: normal, platform: XP, platformName: XP, rotatable: false, setWindowRect: true, takesHeapSnapshot: true, takesScreenshot: true, unexpectedAlertBehaviour: , unhandledPromptBehavior: , version: 70.0.3538.102, webStorageEnabled: true}
Session ID: 3f83f533246a2bf29dedbf43a1db0c68)
	at com.kms.katalon.core.keyword.internal.KeywordMain.stepFailed(KeywordMain.groovy:36)
	at com.kms.katalon.core.webui.keyword.internal.WebUIKeywordMain.stepFailed(WebUIKeywordMain.groovy:65)
	at com.kms.katalon.core.webui.keyword.internal.WebUIKeywordMain.runKeyword(WebUIKeywordMain.groovy:27)
	at com.kms.katalon.core.webui.keyword.builtin.ClickKeyword.click(ClickKeyword.groovy:86)
	at com.kms.katalon.core.webui.keyword.builtin.ClickKeyword.execute(ClickKeyword.groovy:67)
	at com.kms.katalon.core.keyword.internal.KeywordExecutor.executeKeywordForPlatform(KeywordExecutor.groovy:53)
	at com.kms.katalon.core.webui.keyword.WebUiBuiltInKeywords.click(WebUiBuiltInKeywords.groovy:616)
	at com.kms.katalon.core.webui.keyword.WebUiBuiltInKeywords$click$6.call(Unknown Source)
	at org.codehaus.groovy.runtime.callsite.CallSiteArray.defaultCall(CallSiteArray.java:48)
	at org.codehaus.groovy.runtime.callsite.AbstractCallSite.call(AbstractCallSite.java:113)
	at org.codehaus.groovy.runtime.callsite.AbstractCallSite.call(AbstractCallSite.java:125)
	at Script1542797500707.run(Script1542797500707.groovy:50)
	at com.kms.katalon.core.main.ScriptEngine.run(ScriptEngine.java:183)
	at com.kms.katalon.core.main.ScriptEngine.runScriptAsRawText(ScriptEngine.java:108)
	at com.kms.katalon.core.main.TestCaseExecutor.runScript(TestCaseExecutor.java:294)
	at com.kms.katalon.core.main.TestCaseExecutor.doExecute(TestCaseExecutor.java:285)
	at com.kms.katalon.core.main.TestCaseExecutor.processExecutionPhase(TestCaseExecutor.java:264)
	at com.kms.katalon.core.main.TestCaseExecutor.accessMainPhase(TestCaseExecutor.java:256)
	at com.kms.katalon.core.main.TestCaseExecutor.execute(TestCaseExecutor.java:200)
	at com.kms.katalon.core.main.TestSuiteExecutor.accessTestCaseMainPhase(TestSuiteExecutor.java:129)
	at com.kms.katalon.core.main.TestSuiteExecutor.accessTestSuiteMainPhase(TestSuiteExecutor.java:112)
	at com.kms.katalon.core.main.TestSuiteExecutor.execute(TestSuiteExecutor.java:81)
	at com.kms.katalon.core.main.TestCaseMain.startTestSuite(TestCaseMain.java:142)
	at com.kms.katalon.core.main.TestCaseMain$startTestSuite$0.call(Unknown Source)
	at org.codehaus.groovy.runtime.callsite.CallSiteArray.defaultCall(CallSiteArray.java:48)
	at org.codehaus.groovy.runtime.callsite.AbstractCallSite.call(AbstractCallSite.java:113)
	at org.codehaus.groovy.runtime.callsite.AbstractCallSite.call(AbstractCallSite.java:141)
	at TempTestSuite1542870437192.run(TempTestSuite1542870437192.groovy:36)
	at groovy.lang.GroovyShell.runScriptOrMainOrTestOrRunnable(GroovyShell.java:263)
	at groovy.lang.GroovyShell.run(GroovyShell.java:518)
	at groovy.lang.GroovyShell.run(GroovyShell.java:507)
	at groovy.ui.GroovyMain.processOnce(GroovyMain.java:653)
	at groovy.ui.GroovyMain.run(GroovyMain.java:384)
	at groovy.ui.GroovyMain.process(GroovyMain.java:370)
	at groovy.ui.GroovyMain.processArgs(GroovyMain.java:129)
	at groovy.ui.GroovyMain.main(GroovyMain.java:109)
	at sun.reflect.NativeMethodAccessorImpl.invoke0(Native Method)
	at sun.reflect.NativeMethodAccessorImpl.invoke(NativeMethodAccessorImpl.java:62)
	at sun.reflect.DelegatingMethodAccessorImpl.invoke(DelegatingMethodAccessorImpl.java:43)
	at java.lang.reflect.Method.invoke(Method.java:498)
	at org.codehaus.groovy.tools.GroovyStarter.rootLoader(GroovyStarter.java:109)
	at org.codehaus.groovy.tools.GroovyStarter.main(GroovyStarter.java:131)
)

2018-11-22 14:08:48 - [TEST_STEP][PASSED] - openBrowser: Browser is opened with url: 'null'

2018-11-22 14:08:50 - [MESSAGE][PASSED] - Browser is opened with url: 'null'

2018-11-22 14:08:50 - [TEST_STEP][PASSED] - com.kumparan.Web.openUrl: com.kumparan.Web.openUrl is PASSED

2018-11-22 14:09:00 - [MESSAGE][PASSED] - Navigate to 'https://kumparan.com/' successfully

2018-11-22 14:09:00 - [MESSAGE][PASSED] - Wait for page load successfully

2018-11-22 14:09:02 - [MESSAGE][PASSED] - Viewport is set to new size with width = 1840 and height = 4000

2018-11-22 14:09:02 - [MESSAGE][PASSED] - com.kumparan.Web.openUrl is PASSED

2018-11-22 14:09:02 - [TEST_STEP][PASSED] - Statement - log = new com.kms.katalon.core.logging.KeywordLogger(): null

2018-11-22 14:09:02 - [TEST_STEP][PASSED] - maximizeWindow: Current window maximized

2018-11-22 14:09:02 - [MESSAGE][PASSED] - Current window maximized

2018-11-22 14:09:02 - [TEST_STEP][PASSED] - setViewPortSize: Viewport is set to new size with width = 1200 and height = 653

2018-11-22 14:09:02 - [MESSAGE][PASSED] - Viewport height is 653

2018-11-22 14:09:02 - [MESSAGE][PASSED] - Viewport is set to new size with width = 1200 and height = 653

2018-11-22 14:09:02 - [TEST_STEP][PASSED] - waitForElementClickable: Object 'Object Repository/WebPage/Login Page/ElementNotif' is clickable

2018-11-22 14:09:02 - [MESSAGE][PASSED] - Object 'Object Repository/WebPage/Login Page/ElementNotif' is clickable

2018-11-22 14:09:02 - [TEST_STEP][PASSED] - click: Object: 'Object Repository/WebPage/Login Page/btnNoPushNotif' is clicked on

2018-11-22 14:09:02 - [MESSAGE][PASSED] - Object: 'Object Repository/WebPage/Login Page/btnNoPushNotif' is clicked on

2018-11-22 14:09:02 - [TEST_STEP][PASSED] - delay: Delayed 2 second(s)

2018-11-22 14:09:04 - [MESSAGE][PASSED] - Delayed 2 second(s)

2018-11-22 14:09:04 - [TEST_STEP][PASSED] - click: Object: 'Object Repository/WebPage/Login Page/btnLogin' is clicked on

2018-11-22 14:09:04 - [MESSAGE][PASSED] - Object: 'Object Repository/WebPage/Login Page/btnLogin' is clicked on

2018-11-22 14:09:04 - [TEST_STEP][PASSED] - delay: Delayed 2 second(s)

2018-11-22 14:09:06 - [MESSAGE][PASSED] - Delayed 2 second(s)

2018-11-22 14:09:06 - [TEST_STEP][PASSED] - click: Object: 'Object Repository/WebPage/Login Page/btnFacebook' is clicked on

2018-11-22 14:09:07 - [MESSAGE][PASSED] - Object: 'Object Repository/WebPage/Login Page/btnFacebook' is clicked on

2018-11-22 14:09:07 - [TEST_STEP][PASSED] - delay: Delayed 2 second(s)

2018-11-22 14:09:09 - [MESSAGE][PASSED] - Delayed 2 second(s)

2018-11-22 14:09:09 - [TEST_STEP][PASSED] - switchToWindowIndex: Switched to window with index: '1'

2018-11-22 14:09:09 - [MESSAGE][PASSED] - Switched to window with index: '1'

2018-11-22 14:09:09 - [TEST_STEP][PASSED] - verifyElementVisible: Object 'Object Repository/WebPage/Login Page/Facebook Page/lblFbLoginPopup' is visible

2018-11-22 14:09:10 - [MESSAGE][PASSED] - Object 'Object Repository/WebPage/Login Page/Facebook Page/lblFbLoginPopup' is visible

2018-11-22 14:09:10 - [TEST_STEP][PASSED] - setText: Text 'mysoul88@gmail.com' is set on object 'Object Repository/WebPage/Login Page/Facebook Page/txtFbLoginEmail'

2018-11-22 14:09:10 - [MESSAGE][PASSED] - Text 'mysoul88@gmail.com' is set on object 'Object Repository/WebPage/Login Page/Facebook Page/txtFbLoginEmail'

2018-11-22 14:09:10 - [TEST_STEP][PASSED] - setText: Text '88151400++Facebook' is set on object 'Object Repository/WebPage/Login Page/Facebook Page/txtFbLoginPassword'

2018-11-22 14:09:10 - [MESSAGE][PASSED] - Text '88151400++Facebook' is set on object 'Object Repository/WebPage/Login Page/Facebook Page/txtFbLoginPassword'

2018-11-22 14:09:10 - [TEST_STEP][PASSED] - click: Object: 'Object Repository/WebPage/Login Page/Facebook Page/btnFbLogin' is clicked on

2018-11-22 14:09:12 - [MESSAGE][PASSED] - Object: 'Object Repository/WebPage/Login Page/Facebook Page/btnFbLogin' is clicked on

2018-11-22 14:09:12 - [TEST_STEP][PASSED] - switchToWindowIndex: Switched to window with index: '0'

2018-11-22 14:09:12 - [MESSAGE][PASSED] - Switched to window with index: '0'

2018-11-22 14:09:12 - [TEST_STEP][PASSED] - delay: Delayed 5 second(s)

2018-11-22 14:09:17 - [MESSAGE][PASSED] - Delayed 5 second(s)

2018-11-22 14:09:17 - [TEST_STEP][FAILED] - click: Unable to click on object 'Object Repository/WebPage/Home/lblTrending' (Root cause: org.openqa.selenium.WebDriverException: unknown error: Element <a class="ListItemweb__Item-sc-1x1jqof-0 ezBswX LabelLinkweb-g6i50g-0 cujMCf" data-qa-id="menu-item-1" href="/trending">...</a> is not clickable at point (122, 120). Other element would receive the click: <div class="View__StyledView-sc-1nce11s-0 cjtDHW" opacity="1">...</div>
  (Session info: chrome=70.0.3538.102)
  (Driver info: chromedriver=2.35.528161 (5b82f2d2aae0ca24b877009200ced9065a772e73),platform=Windows NT 6.3.9600 x86_64) (WARNING: The server did not provide any stacktrace information)
Command duration or timeout: 0 milliseconds
Build info: version: '3.7.1', revision: '8a0099a', time: '2017-11-06T21:07:36.161Z'
System info: host: 'LENOVO', ip: '10.200.35.103', os.name: 'Windows 8.1', os.arch: 'amd64', os.version: '6.3', java.version: '1.8.0_181'
Driver info: com.kms.katalon.selenium.driver.CChromeDriver
Capabilities {acceptInsecureCerts: false, acceptSslCerts: false, applicationCacheEnabled: false, browserConnectionEnabled: false, browserName: chrome, chrome: {chromedriverVersion: 2.35.528161 (5b82f2d2aae0ca..., userDataDir: C:\Users\User\AppData\Local...}, cssSelectorsEnabled: true, databaseEnabled: false, handlesAlerts: true, hasTouchScreen: false, javascriptEnabled: true, locationContextEnabled: true, mobileEmulationEnabled: false, nativeEvents: true, networkConnectionEnabled: false, pageLoadStrategy: normal, platform: XP, platformName: XP, rotatable: false, setWindowRect: true, takesHeapSnapshot: true, takesScreenshot: true, unexpectedAlertBehaviour: , unhandledPromptBehavior: , version: 70.0.3538.102, webStorageEnabled: true}
Session ID: 3f83f533246a2bf29dedbf43a1db0c68)

2018-11-22 14:09:17 - [MESSAGE][FAILED] - Unable to click on object 'Object Repository/WebPage/Home/lblTrending' (Root cause: org.openqa.selenium.WebDriverException: unknown error: Element <a class="ListItemweb__Item-sc-1x1jqof-0 ezBswX LabelLinkweb-g6i50g-0 cujMCf" data-qa-id="menu-item-1" href="/trending">...</a> is not clickable at point (122, 120). Other element would receive the click: <div class="View__StyledView-sc-1nce11s-0 cjtDHW" opacity="1">...</div>
  (Session info: chrome=70.0.3538.102)
  (Driver info: chromedriver=2.35.528161 (5b82f2d2aae0ca24b877009200ced9065a772e73),platform=Windows NT 6.3.9600 x86_64) (WARNING: The server did not provide any stacktrace information)
Command duration or timeout: 0 milliseconds
Build info: version: '3.7.1', revision: '8a0099a', time: '2017-11-06T21:07:36.161Z'
System info: host: 'LENOVO', ip: '10.200.35.103', os.name: 'Windows 8.1', os.arch: 'amd64', os.version: '6.3', java.version: '1.8.0_181'
Driver info: com.kms.katalon.selenium.driver.CChromeDriver
Capabilities {acceptInsecureCerts: false, acceptSslCerts: false, applicationCacheEnabled: false, browserConnectionEnabled: false, browserName: chrome, chrome: {chromedriverVersion: 2.35.528161 (5b82f2d2aae0ca..., userDataDir: C:\Users\User\AppData\Local...}, cssSelectorsEnabled: true, databaseEnabled: false, handlesAlerts: true, hasTouchScreen: false, javascriptEnabled: true, locationContextEnabled: true, mobileEmulationEnabled: false, nativeEvents: true, networkConnectionEnabled: false, pageLoadStrategy: normal, platform: XP, platformName: XP, rotatable: false, setWindowRect: true, takesHeapSnapshot: true, takesScreenshot: true, unexpectedAlertBehaviour: , unhandledPromptBehavior: , version: 70.0.3538.102, webStorageEnabled: true}
Session ID: 3f83f533246a2bf29dedbf43a1db0c68)
[[ATTACHMENT|E:\\Kumparan\\Test Kumparan\\Reports\\Test Kumparan\\20181122_140717\\1542870557243.png]]]]></system-out>
         <system-err><![CDATA[2018-11-22 14:08:47 - [TEST_CASE][FAILED] - Test Cases/Kumparan/Comment/Comment With Login FB: Test Cases/Kumparan/Comment/Comment With Login FB FAILED because (of) (Stack trace: com.kms.katalon.core.exception.StepFailedException: Unable to click on object 'Object Repository/WebPage/Home/lblTrending' (Root cause: org.openqa.selenium.WebDriverException: unknown error: Element <a class="ListItemweb__Item-sc-1x1jqof-0 ezBswX LabelLinkweb-g6i50g-0 cujMCf" data-qa-id="menu-item-1" href="/trending">...</a> is not clickable at point (122, 120). Other element would receive the click: <div class="View__StyledView-sc-1nce11s-0 cjtDHW" opacity="1">...</div>
  (Session info: chrome=70.0.3538.102)
  (Driver info: chromedriver=2.35.528161 (5b82f2d2aae0ca24b877009200ced9065a772e73),platform=Windows NT 6.3.9600 x86_64) (WARNING: The server did not provide any stacktrace information)
Command duration or timeout: 0 milliseconds
Build info: version: '3.7.1', revision: '8a0099a', time: '2017-11-06T21:07:36.161Z'
System info: host: 'LENOVO', ip: '10.200.35.103', os.name: 'Windows 8.1', os.arch: 'amd64', os.version: '6.3', java.version: '1.8.0_181'
Driver info: com.kms.katalon.selenium.driver.CChromeDriver
Capabilities {acceptInsecureCerts: false, acceptSslCerts: false, applicationCacheEnabled: false, browserConnectionEnabled: false, browserName: chrome, chrome: {chromedriverVersion: 2.35.528161 (5b82f2d2aae0ca..., userDataDir: C:\Users\User\AppData\Local...}, cssSelectorsEnabled: true, databaseEnabled: false, handlesAlerts: true, hasTouchScreen: false, javascriptEnabled: true, locationContextEnabled: true, mobileEmulationEnabled: false, nativeEvents: true, networkConnectionEnabled: false, pageLoadStrategy: normal, platform: XP, platformName: XP, rotatable: false, setWindowRect: true, takesHeapSnapshot: true, takesScreenshot: true, unexpectedAlertBehaviour: , unhandledPromptBehavior: , version: 70.0.3538.102, webStorageEnabled: true}
Session ID: 3f83f533246a2bf29dedbf43a1db0c68)
	at com.kms.katalon.core.keyword.internal.KeywordMain.stepFailed(KeywordMain.groovy:36)
	at com.kms.katalon.core.webui.keyword.internal.WebUIKeywordMain.stepFailed(WebUIKeywordMain.groovy:65)
	at com.kms.katalon.core.webui.keyword.internal.WebUIKeywordMain.runKeyword(WebUIKeywordMain.groovy:27)
	at com.kms.katalon.core.webui.keyword.builtin.ClickKeyword.click(ClickKeyword.groovy:86)
	at com.kms.katalon.core.webui.keyword.builtin.ClickKeyword.execute(ClickKeyword.groovy:67)
	at com.kms.katalon.core.keyword.internal.KeywordExecutor.executeKeywordForPlatform(KeywordExecutor.groovy:53)
	at com.kms.katalon.core.webui.keyword.WebUiBuiltInKeywords.click(WebUiBuiltInKeywords.groovy:616)
	at com.kms.katalon.core.webui.keyword.WebUiBuiltInKeywords$click$6.call(Unknown Source)
	at org.codehaus.groovy.runtime.callsite.CallSiteArray.defaultCall(CallSiteArray.java:48)
	at org.codehaus.groovy.runtime.callsite.AbstractCallSite.call(AbstractCallSite.java:113)
	at org.codehaus.groovy.runtime.callsite.AbstractCallSite.call(AbstractCallSite.java:125)
	at Script1542797500707.run(Script1542797500707.groovy:50)
	at com.kms.katalon.core.main.ScriptEngine.run(ScriptEngine.java:183)
	at com.kms.katalon.core.main.ScriptEngine.runScriptAsRawText(ScriptEngine.java:108)
	at com.kms.katalon.core.main.TestCaseExecutor.runScript(TestCaseExecutor.java:294)
	at com.kms.katalon.core.main.TestCaseExecutor.doExecute(TestCaseExecutor.java:285)
	at com.kms.katalon.core.main.TestCaseExecutor.processExecutionPhase(TestCaseExecutor.java:264)
	at com.kms.katalon.core.main.TestCaseExecutor.accessMainPhase(TestCaseExecutor.java:256)
	at com.kms.katalon.core.main.TestCaseExecutor.execute(TestCaseExecutor.java:200)
	at com.kms.katalon.core.main.TestSuiteExecutor.accessTestCaseMainPhase(TestSuiteExecutor.java:129)
	at com.kms.katalon.core.main.TestSuiteExecutor.accessTestSuiteMainPhase(TestSuiteExecutor.java:112)
	at com.kms.katalon.core.main.TestSuiteExecutor.execute(TestSuiteExecutor.java:81)
	at com.kms.katalon.core.main.TestCaseMain.startTestSuite(TestCaseMain.java:142)
	at com.kms.katalon.core.main.TestCaseMain$startTestSuite$0.call(Unknown Source)
	at org.codehaus.groovy.runtime.callsite.CallSiteArray.defaultCall(CallSiteArray.java:48)
	at org.codehaus.groovy.runtime.callsite.AbstractCallSite.call(AbstractCallSite.java:113)
	at org.codehaus.groovy.runtime.callsite.AbstractCallSite.call(AbstractCallSite.java:141)
	at TempTestSuite1542870437192.run(TempTestSuite1542870437192.groovy:36)
	at groovy.lang.GroovyShell.runScriptOrMainOrTestOrRunnable(GroovyShell.java:263)
	at groovy.lang.GroovyShell.run(GroovyShell.java:518)
	at groovy.lang.GroovyShell.run(GroovyShell.java:507)
	at groovy.ui.GroovyMain.processOnce(GroovyMain.java:653)
	at groovy.ui.GroovyMain.run(GroovyMain.java:384)
	at groovy.ui.GroovyMain.process(GroovyMain.java:370)
	at groovy.ui.GroovyMain.processArgs(GroovyMain.java:129)
	at groovy.ui.GroovyMain.main(GroovyMain.java:109)
	at sun.reflect.NativeMethodAccessorImpl.invoke0(Native Method)
	at sun.reflect.NativeMethodAccessorImpl.invoke(NativeMethodAccessorImpl.java:62)
	at sun.reflect.DelegatingMethodAccessorImpl.invoke(DelegatingMethodAccessorImpl.java:43)
	at java.lang.reflect.Method.invoke(Method.java:498)
	at org.codehaus.groovy.tools.GroovyStarter.rootLoader(GroovyStarter.java:109)
	at org.codehaus.groovy.tools.GroovyStarter.main(GroovyStarter.java:131)
)]]></system-err>
      </testcase>
      <system-out><![CDATA[2018-11-22 14:07:19 - [TEST_SUITE][FAILED] - Test Kumparan: Test Cases/Kumparan/Comment/Comment With Login FB FAILED because (of) (Stack trace: com.kms.katalon.core.exception.StepFailedException: Unable to click on object 'Object Repository/WebPage/Home/lblTrending' (Root cause: org.openqa.selenium.WebDriverException: unknown error: Element <a class="ListItemweb__Item-sc-1x1jqof-0 ezBswX LabelLinkweb-g6i50g-0 cujMCf" data-qa-id="menu-item-1" href="/trending">...</a> is not clickable at point (122, 120). Other element would receive the click: <div class="View__StyledView-sc-1nce11s-0 cjtDHW" opacity="1">...</div>
  (Session info: chrome=70.0.3538.102)
  (Driver info: chromedriver=2.35.528161 (5b82f2d2aae0ca24b877009200ced9065a772e73),platform=Windows NT 6.3.9600 x86_64) (WARNING: The server did not provide any stacktrace information)
Command duration or timeout: 0 milliseconds
Build info: version: '3.7.1', revision: '8a0099a', time: '2017-11-06T21:07:36.161Z'
System info: host: 'LENOVO', ip: '10.200.35.103', os.name: 'Windows 8.1', os.arch: 'amd64', os.version: '6.3', java.version: '1.8.0_181'
Driver info: com.kms.katalon.selenium.driver.CChromeDriver
Capabilities {acceptInsecureCerts: false, acceptSslCerts: false, applicationCacheEnabled: false, browserConnectionEnabled: false, browserName: chrome, chrome: {chromedriverVersion: 2.35.528161 (5b82f2d2aae0ca..., userDataDir: C:\Users\User\AppData\Local...}, cssSelectorsEnabled: true, databaseEnabled: false, handlesAlerts: true, hasTouchScreen: false, javascriptEnabled: true, locationContextEnabled: true, mobileEmulationEnabled: false, nativeEvents: true, networkConnectionEnabled: false, pageLoadStrategy: normal, platform: XP, platformName: XP, rotatable: false, setWindowRect: true, takesHeapSnapshot: true, takesScreenshot: true, unexpectedAlertBehaviour: , unhandledPromptBehavior: , version: 70.0.3538.102, webStorageEnabled: true}
Session ID: 3f83f533246a2bf29dedbf43a1db0c68)
	at com.kms.katalon.core.keyword.internal.KeywordMain.stepFailed(KeywordMain.groovy:36)
	at com.kms.katalon.core.webui.keyword.internal.WebUIKeywordMain.stepFailed(WebUIKeywordMain.groovy:65)
	at com.kms.katalon.core.webui.keyword.internal.WebUIKeywordMain.runKeyword(WebUIKeywordMain.groovy:27)
	at com.kms.katalon.core.webui.keyword.builtin.ClickKeyword.click(ClickKeyword.groovy:86)
	at com.kms.katalon.core.webui.keyword.builtin.ClickKeyword.execute(ClickKeyword.groovy:67)
	at com.kms.katalon.core.keyword.internal.KeywordExecutor.executeKeywordForPlatform(KeywordExecutor.groovy:53)
	at com.kms.katalon.core.webui.keyword.WebUiBuiltInKeywords.click(WebUiBuiltInKeywords.groovy:616)
	at com.kms.katalon.core.webui.keyword.WebUiBuiltInKeywords$click$6.call(Unknown Source)
	at org.codehaus.groovy.runtime.callsite.CallSiteArray.defaultCall(CallSiteArray.java:48)
	at org.codehaus.groovy.runtime.callsite.AbstractCallSite.call(AbstractCallSite.java:113)
	at org.codehaus.groovy.runtime.callsite.AbstractCallSite.call(AbstractCallSite.java:125)
	at Script1542797500707.run(Script1542797500707.groovy:50)
	at com.kms.katalon.core.main.ScriptEngine.run(ScriptEngine.java:183)
	at com.kms.katalon.core.main.ScriptEngine.runScriptAsRawText(ScriptEngine.java:108)
	at com.kms.katalon.core.main.TestCaseExecutor.runScript(TestCaseExecutor.java:294)
	at com.kms.katalon.core.main.TestCaseExecutor.doExecute(TestCaseExecutor.java:285)
	at com.kms.katalon.core.main.TestCaseExecutor.processExecutionPhase(TestCaseExecutor.java:264)
	at com.kms.katalon.core.main.TestCaseExecutor.accessMainPhase(TestCaseExecutor.java:256)
	at com.kms.katalon.core.main.TestCaseExecutor.execute(TestCaseExecutor.java:200)
	at com.kms.katalon.core.main.TestSuiteExecutor.accessTestCaseMainPhase(TestSuiteExecutor.java:129)
	at com.kms.katalon.core.main.TestSuiteExecutor.accessTestSuiteMainPhase(TestSuiteExecutor.java:112)
	at com.kms.katalon.core.main.TestSuiteExecutor.execute(TestSuiteExecutor.java:81)
	at com.kms.katalon.core.main.TestCaseMain.startTestSuite(TestCaseMain.java:142)
	at com.kms.katalon.core.main.TestCaseMain$startTestSuite$0.call(Unknown Source)
	at org.codehaus.groovy.runtime.callsite.CallSiteArray.defaultCall(CallSiteArray.java:48)
	at org.codehaus.groovy.runtime.callsite.AbstractCallSite.call(AbstractCallSite.java:113)
	at org.codehaus.groovy.runtime.callsite.AbstractCallSite.call(AbstractCallSite.java:141)
	at TempTestSuite1542870437192.run(TempTestSuite1542870437192.groovy:36)
	at groovy.lang.GroovyShell.runScriptOrMainOrTestOrRunnable(GroovyShell.java:263)
	at groovy.lang.GroovyShell.run(GroovyShell.java:518)
	at groovy.lang.GroovyShell.run(GroovyShell.java:507)
	at groovy.ui.GroovyMain.processOnce(GroovyMain.java:653)
	at groovy.ui.GroovyMain.run(GroovyMain.java:384)
	at groovy.ui.GroovyMain.process(GroovyMain.java:370)
	at groovy.ui.GroovyMain.processArgs(GroovyMain.java:129)
	at groovy.ui.GroovyMain.main(GroovyMain.java:109)
	at sun.reflect.NativeMethodAccessorImpl.invoke0(Native Method)
	at sun.reflect.NativeMethodAccessorImpl.invoke(NativeMethodAccessorImpl.java:62)
	at sun.reflect.DelegatingMethodAccessorImpl.invoke(DelegatingMethodAccessorImpl.java:43)
	at java.lang.reflect.Method.invoke(Method.java:498)
	at org.codehaus.groovy.tools.GroovyStarter.rootLoader(GroovyStarter.java:109)
	at org.codehaus.groovy.tools.GroovyStarter.main(GroovyStarter.java:131)
)]]></system-out>
      <system-err><![CDATA[2018-11-22 14:07:19 - [TEST_SUITE][FAILED] - Test Kumparan: Test Cases/Kumparan/Comment/Comment With Login FB FAILED because (of) (Stack trace: com.kms.katalon.core.exception.StepFailedException: Unable to click on object 'Object Repository/WebPage/Home/lblTrending' (Root cause: org.openqa.selenium.WebDriverException: unknown error: Element <a class="ListItemweb__Item-sc-1x1jqof-0 ezBswX LabelLinkweb-g6i50g-0 cujMCf" data-qa-id="menu-item-1" href="/trending">...</a> is not clickable at point (122, 120). Other element would receive the click: <div class="View__StyledView-sc-1nce11s-0 cjtDHW" opacity="1">...</div>
  (Session info: chrome=70.0.3538.102)
  (Driver info: chromedriver=2.35.528161 (5b82f2d2aae0ca24b877009200ced9065a772e73),platform=Windows NT 6.3.9600 x86_64) (WARNING: The server did not provide any stacktrace information)
Command duration or timeout: 0 milliseconds
Build info: version: '3.7.1', revision: '8a0099a', time: '2017-11-06T21:07:36.161Z'
System info: host: 'LENOVO', ip: '10.200.35.103', os.name: 'Windows 8.1', os.arch: 'amd64', os.version: '6.3', java.version: '1.8.0_181'
Driver info: com.kms.katalon.selenium.driver.CChromeDriver
Capabilities {acceptInsecureCerts: false, acceptSslCerts: false, applicationCacheEnabled: false, browserConnectionEnabled: false, browserName: chrome, chrome: {chromedriverVersion: 2.35.528161 (5b82f2d2aae0ca..., userDataDir: C:\Users\User\AppData\Local...}, cssSelectorsEnabled: true, databaseEnabled: false, handlesAlerts: true, hasTouchScreen: false, javascriptEnabled: true, locationContextEnabled: true, mobileEmulationEnabled: false, nativeEvents: true, networkConnectionEnabled: false, pageLoadStrategy: normal, platform: XP, platformName: XP, rotatable: false, setWindowRect: true, takesHeapSnapshot: true, takesScreenshot: true, unexpectedAlertBehaviour: , unhandledPromptBehavior: , version: 70.0.3538.102, webStorageEnabled: true}
Session ID: 3f83f533246a2bf29dedbf43a1db0c68)
	at com.kms.katalon.core.keyword.internal.KeywordMain.stepFailed(KeywordMain.groovy:36)
	at com.kms.katalon.core.webui.keyword.internal.WebUIKeywordMain.stepFailed(WebUIKeywordMain.groovy:65)
	at com.kms.katalon.core.webui.keyword.internal.WebUIKeywordMain.runKeyword(WebUIKeywordMain.groovy:27)
	at com.kms.katalon.core.webui.keyword.builtin.ClickKeyword.click(ClickKeyword.groovy:86)
	at com.kms.katalon.core.webui.keyword.builtin.ClickKeyword.execute(ClickKeyword.groovy:67)
	at com.kms.katalon.core.keyword.internal.KeywordExecutor.executeKeywordForPlatform(KeywordExecutor.groovy:53)
	at com.kms.katalon.core.webui.keyword.WebUiBuiltInKeywords.click(WebUiBuiltInKeywords.groovy:616)
	at com.kms.katalon.core.webui.keyword.WebUiBuiltInKeywords$click$6.call(Unknown Source)
	at org.codehaus.groovy.runtime.callsite.CallSiteArray.defaultCall(CallSiteArray.java:48)
	at org.codehaus.groovy.runtime.callsite.AbstractCallSite.call(AbstractCallSite.java:113)
	at org.codehaus.groovy.runtime.callsite.AbstractCallSite.call(AbstractCallSite.java:125)
	at Script1542797500707.run(Script1542797500707.groovy:50)
	at com.kms.katalon.core.main.ScriptEngine.run(ScriptEngine.java:183)
	at com.kms.katalon.core.main.ScriptEngine.runScriptAsRawText(ScriptEngine.java:108)
	at com.kms.katalon.core.main.TestCaseExecutor.runScript(TestCaseExecutor.java:294)
	at com.kms.katalon.core.main.TestCaseExecutor.doExecute(TestCaseExecutor.java:285)
	at com.kms.katalon.core.main.TestCaseExecutor.processExecutionPhase(TestCaseExecutor.java:264)
	at com.kms.katalon.core.main.TestCaseExecutor.accessMainPhase(TestCaseExecutor.java:256)
	at com.kms.katalon.core.main.TestCaseExecutor.execute(TestCaseExecutor.java:200)
	at com.kms.katalon.core.main.TestSuiteExecutor.accessTestCaseMainPhase(TestSuiteExecutor.java:129)
	at com.kms.katalon.core.main.TestSuiteExecutor.accessTestSuiteMainPhase(TestSuiteExecutor.java:112)
	at com.kms.katalon.core.main.TestSuiteExecutor.execute(TestSuiteExecutor.java:81)
	at com.kms.katalon.core.main.TestCaseMain.startTestSuite(TestCaseMain.java:142)
	at com.kms.katalon.core.main.TestCaseMain$startTestSuite$0.call(Unknown Source)
	at org.codehaus.groovy.runtime.callsite.CallSiteArray.defaultCall(CallSiteArray.java:48)
	at org.codehaus.groovy.runtime.callsite.AbstractCallSite.call(AbstractCallSite.java:113)
	at org.codehaus.groovy.runtime.callsite.AbstractCallSite.call(AbstractCallSite.java:141)
	at TempTestSuite1542870437192.run(TempTestSuite1542870437192.groovy:36)
	at groovy.lang.GroovyShell.runScriptOrMainOrTestOrRunnable(GroovyShell.java:263)
	at groovy.lang.GroovyShell.run(GroovyShell.java:518)
	at groovy.lang.GroovyShell.run(GroovyShell.java:507)
	at groovy.ui.GroovyMain.processOnce(GroovyMain.java:653)
	at groovy.ui.GroovyMain.run(GroovyMain.java:384)
	at groovy.ui.GroovyMain.process(GroovyMain.java:370)
	at groovy.ui.GroovyMain.processArgs(GroovyMain.java:129)
	at groovy.ui.GroovyMain.main(GroovyMain.java:109)
	at sun.reflect.NativeMethodAccessorImpl.invoke0(Native Method)
	at sun.reflect.NativeMethodAccessorImpl.invoke(NativeMethodAccessorImpl.java:62)
	at sun.reflect.DelegatingMethodAccessorImpl.invoke(DelegatingMethodAccessorImpl.java:43)
	at java.lang.reflect.Method.invoke(Method.java:498)
	at org.codehaus.groovy.tools.GroovyStarter.rootLoader(GroovyStarter.java:109)
	at org.codehaus.groovy.tools.GroovyStarter.main(GroovyStarter.java:131)
)]]></system-err>
   </testsuite>
</testsuites>
