<?xml version="1.0" encoding="UTF-8"?>
<testsuites name="Test Kumparan" time="130" tests="2" failures="1" errors="0">
   <testsuite name="Test Kumparan" tests="2" failures="1" errors="0" time="130" timestamp="2018-11-22 13:46:18" hostname="User - 10.200.35.103" id="Test Suites/Test Kumparan">
      <properties>
         <property name="deviceName" value=""/>
         <property name="devicePlatform" value=""/>
         <property name="logFolder" value="E:\\Kumparan\\Test Kumparan\\Reports\\Test Kumparan\\20181122_134615"/>
         <property name="logFiles" value="E:\\Kumparan\\Test Kumparan\\Reports\\Test Kumparan\\20181122_134615\\execution0.log"/>
         <property name="attachments" value="E:\\Kumparan\\Test Kumparan\\Reports\\Test Kumparan\\20181122_134615\\1542869307196.png"/>
         <property name="hostName" value="User - 10.200.35.103"/>
         <property name="os" value="Windows 8.1 64bit"/>
         <property name="katalonVersion" value="5.8.3.2"/>
         <property name="browser" value="Chrome 70.0.3538.102"/>
         <property name="hostAddress" value="10.200.35.103"/>
         <property name="sessionId" value="d2765542c7610f96b06042f84c614cc9"/>
         <property name="seleniumVersion" value="3.7.1"/>
         <property name="proxyInformation" value="ProxyInformation{proxyOption=NO_PROXY, proxyServerType=HTTP, password=, proxyServerAddress=, proxyServerPort=0}"/>
         <property name="platform" value="Windows 8.1"/>
      </properties>
      <testcase name="Test Cases/Kumparan/Login/Login With FB" classname="Test Cases/Kumparan/Login/Login With FB" status="PASSED">
         <system-out><![CDATA[2018-11-22 13:46:18 - [TEST_CASE][PASSED] - Test Cases/Kumparan/Login/Login With FB: Test Cases/Kumparan/Login/Login With FB

2018-11-22 13:46:18 - [TEST_STEP][PASSED] - openBrowser: Browser is opened with url: 'null'

2018-11-22 13:46:22 - [MESSAGE][PASSED] - Browser is opened with url: 'null'

2018-11-22 13:46:22 - [TEST_STEP][PASSED] - com.kumparan.Web.openUrl: com.kumparan.Web.openUrl is PASSED

2018-11-22 13:46:34 - [MESSAGE][PASSED] - Navigate to 'https://kumparan.com/' successfully

2018-11-22 13:46:34 - [MESSAGE][PASSED] - Wait for page load successfully

2018-11-22 13:46:35 - [MESSAGE][PASSED] - Viewport is set to new size with width = 1840 and height = 4000

2018-11-22 13:46:35 - [MESSAGE][PASSED] - com.kumparan.Web.openUrl is PASSED

2018-11-22 13:46:35 - [TEST_STEP][PASSED] - maximizeWindow: Current window maximized

2018-11-22 13:46:35 - [MESSAGE][PASSED] - Current window maximized

2018-11-22 13:46:35 - [TEST_STEP][PASSED] - setViewPortSize: Viewport is set to new size with width = 1200 and height = 653

2018-11-22 13:46:35 - [MESSAGE][PASSED] - Viewport height is 653

2018-11-22 13:46:36 - [MESSAGE][PASSED] - Viewport is set to new size with width = 1200 and height = 653

2018-11-22 13:46:36 - [TEST_STEP][PASSED] - waitForElementClickable: Object 'Object Repository/WebPage/Login Page/ElementNotif' is clickable

2018-11-22 13:46:36 - [MESSAGE][PASSED] - Object 'Object Repository/WebPage/Login Page/ElementNotif' is clickable

2018-11-22 13:46:36 - [TEST_STEP][PASSED] - click: Object: 'Object Repository/WebPage/Login Page/btnNoPushNotif' is clicked on

2018-11-22 13:46:36 - [MESSAGE][PASSED] - Object: 'Object Repository/WebPage/Login Page/btnNoPushNotif' is clicked on

2018-11-22 13:46:36 - [TEST_STEP][PASSED] - delay: Delayed 2 second(s)

2018-11-22 13:46:38 - [MESSAGE][PASSED] - Delayed 2 second(s)

2018-11-22 13:46:38 - [TEST_STEP][PASSED] - click: Object: 'Object Repository/WebPage/Login Page/btnLogin' is clicked on

2018-11-22 13:46:38 - [MESSAGE][PASSED] - Object: 'Object Repository/WebPage/Login Page/btnLogin' is clicked on

2018-11-22 13:46:38 - [TEST_STEP][PASSED] - delay: Delayed 2 second(s)

2018-11-22 13:46:40 - [MESSAGE][PASSED] - Delayed 2 second(s)

2018-11-22 13:46:40 - [TEST_STEP][PASSED] - click: Object: 'Object Repository/WebPage/Login Page/btnFacebook' is clicked on

2018-11-22 13:46:40 - [MESSAGE][PASSED] - Object: 'Object Repository/WebPage/Login Page/btnFacebook' is clicked on

2018-11-22 13:46:40 - [TEST_STEP][PASSED] - delay: Delayed 2 second(s)

2018-11-22 13:46:42 - [MESSAGE][PASSED] - Delayed 2 second(s)

2018-11-22 13:46:42 - [TEST_STEP][PASSED] - switchToWindowIndex: Switched to window with index: '1'

2018-11-22 13:46:42 - [MESSAGE][PASSED] - Switched to window with index: '1'

2018-11-22 13:46:42 - [TEST_STEP][PASSED] - verifyElementVisible: Object 'Object Repository/WebPage/Login Page/Facebook Page/lblFbLoginPopup' is visible

2018-11-22 13:46:44 - [MESSAGE][PASSED] - Object 'Object Repository/WebPage/Login Page/Facebook Page/lblFbLoginPopup' is visible

2018-11-22 13:46:44 - [TEST_STEP][PASSED] - setText: Text 'mysoul88@gmail.com' is set on object 'Object Repository/WebPage/Login Page/Facebook Page/txtFbLoginEmail'

2018-11-22 13:46:44 - [MESSAGE][PASSED] - Text 'mysoul88@gmail.com' is set on object 'Object Repository/WebPage/Login Page/Facebook Page/txtFbLoginEmail'

2018-11-22 13:46:44 - [TEST_STEP][PASSED] - setText: Text '88151400++Facebook' is set on object 'Object Repository/WebPage/Login Page/Facebook Page/txtFbLoginPassword'

2018-11-22 13:46:44 - [MESSAGE][PASSED] - Text '88151400++Facebook' is set on object 'Object Repository/WebPage/Login Page/Facebook Page/txtFbLoginPassword'

2018-11-22 13:46:44 - [TEST_STEP][PASSED] - click: Object: 'Object Repository/WebPage/Login Page/Facebook Page/btnFbLogin' is clicked on

2018-11-22 13:46:44 - [MESSAGE][PASSED] - Object: 'Object Repository/WebPage/Login Page/Facebook Page/btnFbLogin' is clicked on

2018-11-22 13:46:44 - [TEST_STEP][PASSED] - switchToWindowIndex: Switched to window with index: '0'

2018-11-22 13:46:44 - [MESSAGE][PASSED] - Switched to window with index: '0'

2018-11-22 13:46:44 - [TEST_STEP][PASSED] - delay: Delayed 5 second(s)

2018-11-22 13:46:49 - [MESSAGE][PASSED] - Delayed 5 second(s)

2018-11-22 13:46:49 - [TEST_STEP][PASSED] - closeBrowser: Browser is closed

2018-11-22 13:46:50 - [MESSAGE][PASSED] - Browser is closed]]></system-out>
         <system-err><![CDATA[]]></system-err>
      </testcase>
      <testcase name="Test Cases/Kumparan/Login/Login With Google" classname="Test Cases/Kumparan/Login/Login With Google" status="PASSED">
         <system-out><![CDATA[2018-11-22 13:46:50 - [TEST_CASE][PASSED] - Test Cases/Kumparan/Login/Login With Google: Test Cases/Kumparan/Login/Login With Google

2018-11-22 13:46:50 - [TEST_STEP][PASSED] - openBrowser: Browser is opened with url: 'null'

2018-11-22 13:46:52 - [MESSAGE][PASSED] - Browser is opened with url: 'null'

2018-11-22 13:46:52 - [TEST_STEP][PASSED] - com.kumparan.Web.openUrl: com.kumparan.Web.openUrl is PASSED

2018-11-22 13:47:04 - [MESSAGE][PASSED] - Navigate to 'https://kumparan.com/' successfully

2018-11-22 13:47:04 - [MESSAGE][PASSED] - Wait for page load successfully

2018-11-22 13:47:05 - [MESSAGE][PASSED] - Viewport is set to new size with width = 1840 and height = 4000

2018-11-22 13:47:05 - [MESSAGE][PASSED] - com.kumparan.Web.openUrl is PASSED

2018-11-22 13:47:05 - [TEST_STEP][PASSED] - maximizeWindow: Current window maximized

2018-11-22 13:47:05 - [MESSAGE][PASSED] - Current window maximized

2018-11-22 13:47:05 - [TEST_STEP][PASSED] - setViewPortSize: Viewport is set to new size with width = 1200 and height = 653

2018-11-22 13:47:05 - [MESSAGE][PASSED] - Viewport height is 653

2018-11-22 13:47:06 - [MESSAGE][PASSED] - Viewport is set to new size with width = 1200 and height = 653

2018-11-22 13:47:06 - [TEST_STEP][PASSED] - waitForElementClickable: Object 'Object Repository/WebPage/Login Page/ElementNotif' is clickable

2018-11-22 13:47:06 - [MESSAGE][PASSED] - Object 'Object Repository/WebPage/Login Page/ElementNotif' is clickable

2018-11-22 13:47:06 - [TEST_STEP][PASSED] - click: Object: 'Object Repository/WebPage/Login Page/btnNoPushNotif' is clicked on

2018-11-22 13:47:06 - [MESSAGE][PASSED] - Object: 'Object Repository/WebPage/Login Page/btnNoPushNotif' is clicked on

2018-11-22 13:47:06 - [TEST_STEP][PASSED] - delay: Delayed 2 second(s)

2018-11-22 13:47:08 - [MESSAGE][PASSED] - Delayed 2 second(s)

2018-11-22 13:47:08 - [TEST_STEP][PASSED] - click: Object: 'Object Repository/WebPage/Login Page/btnLogin' is clicked on

2018-11-22 13:47:08 - [MESSAGE][PASSED] - Object: 'Object Repository/WebPage/Login Page/btnLogin' is clicked on

2018-11-22 13:47:08 - [TEST_STEP][PASSED] - delay: Delayed 2 second(s)

2018-11-22 13:47:10 - [MESSAGE][PASSED] - Delayed 2 second(s)

2018-11-22 13:47:10 - [TEST_STEP][PASSED] - click: Object: 'Object Repository/WebPage/Login Page/btnGoogle' is clicked on

2018-11-22 13:47:10 - [MESSAGE][PASSED] - Object: 'Object Repository/WebPage/Login Page/btnGoogle' is clicked on

2018-11-22 13:47:10 - [TEST_STEP][PASSED] - delay: Delayed 2 second(s)

2018-11-22 13:47:12 - [MESSAGE][PASSED] - Delayed 2 second(s)

2018-11-22 13:47:12 - [TEST_STEP][PASSED] - switchToWindowIndex: Switched to window with index: '1'

2018-11-22 13:47:12 - [MESSAGE][PASSED] - Switched to window with index: '1'

2018-11-22 13:47:12 - [TEST_STEP][PASSED] - verifyElementVisible: Object 'Object Repository/WebPage/Login Page/lblGLoginPopup' is visible

2018-11-22 13:47:13 - [MESSAGE][PASSED] - Object 'Object Repository/WebPage/Login Page/lblGLoginPopup' is visible

2018-11-22 13:47:13 - [TEST_STEP][PASSED] - setText: Text 'mysoul88@gmail.com' is set on object 'Object Repository/WebPage/Login Page/txtGEmail'

2018-11-22 13:47:14 - [MESSAGE][PASSED] - Text 'mysoul88@gmail.com' is set on object 'Object Repository/WebPage/Login Page/txtGEmail'

2018-11-22 13:47:14 - [TEST_STEP][PASSED] - click: Object: 'Object Repository/WebPage/Login Page/btnGNext' is clicked on

2018-11-22 13:47:14 - [MESSAGE][PASSED] - Object: 'Object Repository/WebPage/Login Page/btnGNext' is clicked on

2018-11-22 13:47:14 - [TEST_STEP][PASSED] - delay: Delayed 3 second(s)

2018-11-22 13:47:17 - [MESSAGE][PASSED] - Delayed 3 second(s)

2018-11-22 13:47:17 - [TEST_STEP][PASSED] - setText: Text '88151400++Gmail' is set on object 'Object Repository/WebPage/Login Page/txtGPassword'

2018-11-22 13:47:17 - [MESSAGE][PASSED] - Text '88151400++Gmail' is set on object 'Object Repository/WebPage/Login Page/txtGPassword'

2018-11-22 13:47:17 - [TEST_STEP][PASSED] - click: Object: 'Object Repository/WebPage/Login Page/btnGNext' is clicked on

2018-11-22 13:47:17 - [MESSAGE][PASSED] - Object: 'Object Repository/WebPage/Login Page/btnGNext' is clicked on

2018-11-22 13:47:17 - [TEST_STEP][PASSED] - switchToWindowIndex: Switched to window with index: '0'

2018-11-22 13:47:17 - [MESSAGE][PASSED] - Switched to window with index: '0'

2018-11-22 13:47:17 - [TEST_STEP][PASSED] - delay: Delayed 5 second(s)

2018-11-22 13:47:22 - [MESSAGE][PASSED] - Delayed 5 second(s)

2018-11-22 13:47:22 - [TEST_STEP][PASSED] - closeBrowser: Browser is closed

2018-11-22 13:47:23 - [MESSAGE][PASSED] - Browser is closed]]></system-out>
         <system-err><![CDATA[]]></system-err>
      </testcase>
      <testcase name="Test Cases/Kumparan/Comment/Comment With Login FB" classname="Test Cases/Kumparan/Comment/Comment With Login FB" status="FAILED">
         <failure type="FAILED" message="(Stack trace: com.kms.katalon.core.exception.StepFailedException: Unable to click on object 'Object Repository/WebPage/Home/lblTrending' (Root cause: com.kms.katalon.core.webui.exception.WebElementNotFoundException: Web element with id: 'Object Repository/WebPage/Home/lblTrending' located by 'By.xpath: //div[@class='View__StyledView-sc-1nce11s-0 eFflwP']/div[1]/div[1]/div/div/a[2]' not found)
	at com.kms.katalon.core.keyword.internal.KeywordMain.stepFailed(KeywordMain.groovy:36)
	at com.kms.katalon.core.webui.keyword.internal.WebUIKeywordMain.stepFailed(WebUIKeywordMain.groovy:65)
	at com.kms.katalon.core.webui.keyword.internal.WebUIKeywordMain.runKeyword(WebUIKeywordMain.groovy:27)
	at com.kms.katalon.core.webui.keyword.builtin.ClickKeyword.click(ClickKeyword.groovy:86)
	at com.kms.katalon.core.webui.keyword.builtin.ClickKeyword.execute(ClickKeyword.groovy:67)
	at com.kms.katalon.core.keyword.internal.KeywordExecutor.executeKeywordForPlatform(KeywordExecutor.groovy:53)
	at com.kms.katalon.core.webui.keyword.WebUiBuiltInKeywords.click(WebUiBuiltInKeywords.groovy:616)
	at com.kms.katalon.core.webui.keyword.WebUiBuiltInKeywords$click$6.call(Unknown Source)
	at org.codehaus.groovy.runtime.callsite.CallSiteArray.defaultCall(CallSiteArray.java:48)
	at org.codehaus.groovy.runtime.callsite.AbstractCallSite.call(AbstractCallSite.java:113)
	at org.codehaus.groovy.runtime.callsite.AbstractCallSite.call(AbstractCallSite.java:125)
	at Script1542797500707.run(Script1542797500707.groovy:50)
	at com.kms.katalon.core.main.ScriptEngine.run(ScriptEngine.java:183)
	at com.kms.katalon.core.main.ScriptEngine.runScriptAsRawText(ScriptEngine.java:108)
	at com.kms.katalon.core.main.TestCaseExecutor.runScript(TestCaseExecutor.java:294)
	at com.kms.katalon.core.main.TestCaseExecutor.doExecute(TestCaseExecutor.java:285)
	at com.kms.katalon.core.main.TestCaseExecutor.processExecutionPhase(TestCaseExecutor.java:264)
	at com.kms.katalon.core.main.TestCaseExecutor.accessMainPhase(TestCaseExecutor.java:256)
	at com.kms.katalon.core.main.TestCaseExecutor.execute(TestCaseExecutor.java:200)
	at com.kms.katalon.core.main.TestSuiteExecutor.accessTestCaseMainPhase(TestSuiteExecutor.java:129)
	at com.kms.katalon.core.main.TestSuiteExecutor.accessTestSuiteMainPhase(TestSuiteExecutor.java:112)
	at com.kms.katalon.core.main.TestSuiteExecutor.execute(TestSuiteExecutor.java:81)
	at com.kms.katalon.core.main.TestCaseMain.startTestSuite(TestCaseMain.java:142)
	at com.kms.katalon.core.main.TestCaseMain$startTestSuite$0.call(Unknown Source)
	at org.codehaus.groovy.runtime.callsite.CallSiteArray.defaultCall(CallSiteArray.java:48)
	at org.codehaus.groovy.runtime.callsite.AbstractCallSite.call(AbstractCallSite.java:113)
	at org.codehaus.groovy.runtime.callsite.AbstractCallSite.call(AbstractCallSite.java:141)
	at TempTestSuite1542869175846.run(TempTestSuite1542869175846.groovy:36)
	at groovy.lang.GroovyShell.runScriptOrMainOrTestOrRunnable(GroovyShell.java:263)
	at groovy.lang.GroovyShell.run(GroovyShell.java:518)
	at groovy.lang.GroovyShell.run(GroovyShell.java:507)
	at groovy.ui.GroovyMain.processOnce(GroovyMain.java:653)
	at groovy.ui.GroovyMain.run(GroovyMain.java:384)
	at groovy.ui.GroovyMain.process(GroovyMain.java:370)
	at groovy.ui.GroovyMain.processArgs(GroovyMain.java:129)
	at groovy.ui.GroovyMain.main(GroovyMain.java:109)
	at sun.reflect.NativeMethodAccessorImpl.invoke0(Native Method)
	at sun.reflect.NativeMethodAccessorImpl.invoke(NativeMethodAccessorImpl.java:62)
	at sun.reflect.DelegatingMethodAccessorImpl.invoke(DelegatingMethodAccessorImpl.java:43)
	at java.lang.reflect.Method.invoke(Method.java:498)
	at org.codehaus.groovy.tools.GroovyStarter.rootLoader(GroovyStarter.java:109)
	at org.codehaus.groovy.tools.GroovyStarter.main(GroovyStarter.java:131)
)"/>
         <system-out><![CDATA[2018-11-22 13:47:23 - [TEST_CASE][FAILED] - Test Cases/Kumparan/Comment/Comment With Login FB: Test Cases/Kumparan/Comment/Comment With Login FB FAILED because (of) (Stack trace: com.kms.katalon.core.exception.StepFailedException: Unable to click on object 'Object Repository/WebPage/Home/lblTrending' (Root cause: com.kms.katalon.core.webui.exception.WebElementNotFoundException: Web element with id: 'Object Repository/WebPage/Home/lblTrending' located by 'By.xpath: //div[@class='View__StyledView-sc-1nce11s-0 eFflwP']/div[1]/div[1]/div/div/a[2]' not found)
	at com.kms.katalon.core.keyword.internal.KeywordMain.stepFailed(KeywordMain.groovy:36)
	at com.kms.katalon.core.webui.keyword.internal.WebUIKeywordMain.stepFailed(WebUIKeywordMain.groovy:65)
	at com.kms.katalon.core.webui.keyword.internal.WebUIKeywordMain.runKeyword(WebUIKeywordMain.groovy:27)
	at com.kms.katalon.core.webui.keyword.builtin.ClickKeyword.click(ClickKeyword.groovy:86)
	at com.kms.katalon.core.webui.keyword.builtin.ClickKeyword.execute(ClickKeyword.groovy:67)
	at com.kms.katalon.core.keyword.internal.KeywordExecutor.executeKeywordForPlatform(KeywordExecutor.groovy:53)
	at com.kms.katalon.core.webui.keyword.WebUiBuiltInKeywords.click(WebUiBuiltInKeywords.groovy:616)
	at com.kms.katalon.core.webui.keyword.WebUiBuiltInKeywords$click$6.call(Unknown Source)
	at org.codehaus.groovy.runtime.callsite.CallSiteArray.defaultCall(CallSiteArray.java:48)
	at org.codehaus.groovy.runtime.callsite.AbstractCallSite.call(AbstractCallSite.java:113)
	at org.codehaus.groovy.runtime.callsite.AbstractCallSite.call(AbstractCallSite.java:125)
	at Script1542797500707.run(Script1542797500707.groovy:50)
	at com.kms.katalon.core.main.ScriptEngine.run(ScriptEngine.java:183)
	at com.kms.katalon.core.main.ScriptEngine.runScriptAsRawText(ScriptEngine.java:108)
	at com.kms.katalon.core.main.TestCaseExecutor.runScript(TestCaseExecutor.java:294)
	at com.kms.katalon.core.main.TestCaseExecutor.doExecute(TestCaseExecutor.java:285)
	at com.kms.katalon.core.main.TestCaseExecutor.processExecutionPhase(TestCaseExecutor.java:264)
	at com.kms.katalon.core.main.TestCaseExecutor.accessMainPhase(TestCaseExecutor.java:256)
	at com.kms.katalon.core.main.TestCaseExecutor.execute(TestCaseExecutor.java:200)
	at com.kms.katalon.core.main.TestSuiteExecutor.accessTestCaseMainPhase(TestSuiteExecutor.java:129)
	at com.kms.katalon.core.main.TestSuiteExecutor.accessTestSuiteMainPhase(TestSuiteExecutor.java:112)
	at com.kms.katalon.core.main.TestSuiteExecutor.execute(TestSuiteExecutor.java:81)
	at com.kms.katalon.core.main.TestCaseMain.startTestSuite(TestCaseMain.java:142)
	at com.kms.katalon.core.main.TestCaseMain$startTestSuite$0.call(Unknown Source)
	at org.codehaus.groovy.runtime.callsite.CallSiteArray.defaultCall(CallSiteArray.java:48)
	at org.codehaus.groovy.runtime.callsite.AbstractCallSite.call(AbstractCallSite.java:113)
	at org.codehaus.groovy.runtime.callsite.AbstractCallSite.call(AbstractCallSite.java:141)
	at TempTestSuite1542869175846.run(TempTestSuite1542869175846.groovy:36)
	at groovy.lang.GroovyShell.runScriptOrMainOrTestOrRunnable(GroovyShell.java:263)
	at groovy.lang.GroovyShell.run(GroovyShell.java:518)
	at groovy.lang.GroovyShell.run(GroovyShell.java:507)
	at groovy.ui.GroovyMain.processOnce(GroovyMain.java:653)
	at groovy.ui.GroovyMain.run(GroovyMain.java:384)
	at groovy.ui.GroovyMain.process(GroovyMain.java:370)
	at groovy.ui.GroovyMain.processArgs(GroovyMain.java:129)
	at groovy.ui.GroovyMain.main(GroovyMain.java:109)
	at sun.reflect.NativeMethodAccessorImpl.invoke0(Native Method)
	at sun.reflect.NativeMethodAccessorImpl.invoke(NativeMethodAccessorImpl.java:62)
	at sun.reflect.DelegatingMethodAccessorImpl.invoke(DelegatingMethodAccessorImpl.java:43)
	at java.lang.reflect.Method.invoke(Method.java:498)
	at org.codehaus.groovy.tools.GroovyStarter.rootLoader(GroovyStarter.java:109)
	at org.codehaus.groovy.tools.GroovyStarter.main(GroovyStarter.java:131)
)

2018-11-22 13:47:23 - [TEST_STEP][PASSED] - openBrowser: Browser is opened with url: 'null'

2018-11-22 13:47:26 - [MESSAGE][PASSED] - Browser is opened with url: 'null'

2018-11-22 13:47:26 - [TEST_STEP][PASSED] - com.kumparan.Web.openUrl: com.kumparan.Web.openUrl is PASSED

2018-11-22 13:47:39 - [MESSAGE][PASSED] - Navigate to 'https://kumparan.com/' successfully

2018-11-22 13:47:39 - [MESSAGE][PASSED] - Wait for page load successfully

2018-11-22 13:47:40 - [MESSAGE][PASSED] - Viewport is set to new size with width = 1840 and height = 4000

2018-11-22 13:47:40 - [MESSAGE][PASSED] - com.kumparan.Web.openUrl is PASSED

2018-11-22 13:47:40 - [TEST_STEP][PASSED] - Statement - log = new com.kms.katalon.core.logging.KeywordLogger(): null

2018-11-22 13:47:40 - [TEST_STEP][PASSED] - maximizeWindow: Current window maximized

2018-11-22 13:47:40 - [MESSAGE][PASSED] - Current window maximized

2018-11-22 13:47:40 - [TEST_STEP][PASSED] - setViewPortSize: Viewport is set to new size with width = 1200 and height = 653

2018-11-22 13:47:41 - [MESSAGE][PASSED] - Viewport height is 653

2018-11-22 13:47:41 - [MESSAGE][PASSED] - Viewport is set to new size with width = 1200 and height = 653

2018-11-22 13:47:41 - [TEST_STEP][PASSED] - waitForElementClickable: Object 'Object Repository/WebPage/Login Page/ElementNotif' is clickable

2018-11-22 13:47:41 - [MESSAGE][PASSED] - Object 'Object Repository/WebPage/Login Page/ElementNotif' is clickable

2018-11-22 13:47:41 - [TEST_STEP][PASSED] - click: Object: 'Object Repository/WebPage/Login Page/btnNoPushNotif' is clicked on

2018-11-22 13:47:41 - [MESSAGE][PASSED] - Object: 'Object Repository/WebPage/Login Page/btnNoPushNotif' is clicked on

2018-11-22 13:47:41 - [TEST_STEP][PASSED] - delay: Delayed 2 second(s)

2018-11-22 13:47:43 - [MESSAGE][PASSED] - Delayed 2 second(s)

2018-11-22 13:47:43 - [TEST_STEP][PASSED] - click: Object: 'Object Repository/WebPage/Login Page/btnLogin' is clicked on

2018-11-22 13:47:43 - [MESSAGE][PASSED] - Object: 'Object Repository/WebPage/Login Page/btnLogin' is clicked on

2018-11-22 13:47:43 - [TEST_STEP][PASSED] - delay: Delayed 2 second(s)

2018-11-22 13:47:45 - [MESSAGE][PASSED] - Delayed 2 second(s)

2018-11-22 13:47:45 - [TEST_STEP][PASSED] - click: Object: 'Object Repository/WebPage/Login Page/btnFacebook' is clicked on

2018-11-22 13:47:45 - [MESSAGE][PASSED] - Object: 'Object Repository/WebPage/Login Page/btnFacebook' is clicked on

2018-11-22 13:47:45 - [TEST_STEP][PASSED] - delay: Delayed 2 second(s)

2018-11-22 13:47:47 - [MESSAGE][PASSED] - Delayed 2 second(s)

2018-11-22 13:47:47 - [TEST_STEP][PASSED] - switchToWindowIndex: Switched to window with index: '1'

2018-11-22 13:47:47 - [MESSAGE][PASSED] - Switched to window with index: '1'

2018-11-22 13:47:47 - [TEST_STEP][PASSED] - verifyElementVisible: Object 'Object Repository/WebPage/Login Page/Facebook Page/lblFbLoginPopup' is visible

2018-11-22 13:47:48 - [MESSAGE][PASSED] - Object 'Object Repository/WebPage/Login Page/Facebook Page/lblFbLoginPopup' is visible

2018-11-22 13:47:48 - [TEST_STEP][PASSED] - setText: Text 'mysoul88@gmail.com' is set on object 'Object Repository/WebPage/Login Page/Facebook Page/txtFbLoginEmail'

2018-11-22 13:47:49 - [MESSAGE][PASSED] - Text 'mysoul88@gmail.com' is set on object 'Object Repository/WebPage/Login Page/Facebook Page/txtFbLoginEmail'

2018-11-22 13:47:49 - [TEST_STEP][PASSED] - setText: Text '88151400++Facebook' is set on object 'Object Repository/WebPage/Login Page/Facebook Page/txtFbLoginPassword'

2018-11-22 13:47:49 - [MESSAGE][PASSED] - Text '88151400++Facebook' is set on object 'Object Repository/WebPage/Login Page/Facebook Page/txtFbLoginPassword'

2018-11-22 13:47:49 - [TEST_STEP][PASSED] - click: Object: 'Object Repository/WebPage/Login Page/Facebook Page/btnFbLogin' is clicked on

2018-11-22 13:47:49 - [MESSAGE][PASSED] - Object: 'Object Repository/WebPage/Login Page/Facebook Page/btnFbLogin' is clicked on

2018-11-22 13:47:49 - [TEST_STEP][PASSED] - switchToWindowIndex: Switched to window with index: '0'

2018-11-22 13:47:49 - [MESSAGE][PASSED] - Switched to window with index: '0'

2018-11-22 13:47:49 - [TEST_STEP][PASSED] - delay: Delayed 5 second(s)

2018-11-22 13:47:54 - [MESSAGE][PASSED] - Delayed 5 second(s)

2018-11-22 13:47:54 - [TEST_STEP][FAILED] - click: Unable to click on object 'Object Repository/WebPage/Home/lblTrending' (Root cause: com.kms.katalon.core.webui.exception.WebElementNotFoundException: Web element with id: 'Object Repository/WebPage/Home/lblTrending' located by 'By.xpath: //div[@class='View__StyledView-sc-1nce11s-0 eFflwP']/div[1]/div[1]/div/div/a[2]' not found)

2018-11-22 13:48:27 - [MESSAGE][FAILED] - Unable to click on object 'Object Repository/WebPage/Home/lblTrending' (Root cause: com.kms.katalon.core.webui.exception.WebElementNotFoundException: Web element with id: 'Object Repository/WebPage/Home/lblTrending' located by 'By.xpath: //div[@class='View__StyledView-sc-1nce11s-0 eFflwP']/div[1]/div[1]/div/div/a[2]' not found)
[[ATTACHMENT|E:\\Kumparan\\Test Kumparan\\Reports\\Test Kumparan\\20181122_134615\\1542869307196.png]]]]></system-out>
         <system-err><![CDATA[2018-11-22 13:47:23 - [TEST_CASE][FAILED] - Test Cases/Kumparan/Comment/Comment With Login FB: Test Cases/Kumparan/Comment/Comment With Login FB FAILED because (of) (Stack trace: com.kms.katalon.core.exception.StepFailedException: Unable to click on object 'Object Repository/WebPage/Home/lblTrending' (Root cause: com.kms.katalon.core.webui.exception.WebElementNotFoundException: Web element with id: 'Object Repository/WebPage/Home/lblTrending' located by 'By.xpath: //div[@class='View__StyledView-sc-1nce11s-0 eFflwP']/div[1]/div[1]/div/div/a[2]' not found)
	at com.kms.katalon.core.keyword.internal.KeywordMain.stepFailed(KeywordMain.groovy:36)
	at com.kms.katalon.core.webui.keyword.internal.WebUIKeywordMain.stepFailed(WebUIKeywordMain.groovy:65)
	at com.kms.katalon.core.webui.keyword.internal.WebUIKeywordMain.runKeyword(WebUIKeywordMain.groovy:27)
	at com.kms.katalon.core.webui.keyword.builtin.ClickKeyword.click(ClickKeyword.groovy:86)
	at com.kms.katalon.core.webui.keyword.builtin.ClickKeyword.execute(ClickKeyword.groovy:67)
	at com.kms.katalon.core.keyword.internal.KeywordExecutor.executeKeywordForPlatform(KeywordExecutor.groovy:53)
	at com.kms.katalon.core.webui.keyword.WebUiBuiltInKeywords.click(WebUiBuiltInKeywords.groovy:616)
	at com.kms.katalon.core.webui.keyword.WebUiBuiltInKeywords$click$6.call(Unknown Source)
	at org.codehaus.groovy.runtime.callsite.CallSiteArray.defaultCall(CallSiteArray.java:48)
	at org.codehaus.groovy.runtime.callsite.AbstractCallSite.call(AbstractCallSite.java:113)
	at org.codehaus.groovy.runtime.callsite.AbstractCallSite.call(AbstractCallSite.java:125)
	at Script1542797500707.run(Script1542797500707.groovy:50)
	at com.kms.katalon.core.main.ScriptEngine.run(ScriptEngine.java:183)
	at com.kms.katalon.core.main.ScriptEngine.runScriptAsRawText(ScriptEngine.java:108)
	at com.kms.katalon.core.main.TestCaseExecutor.runScript(TestCaseExecutor.java:294)
	at com.kms.katalon.core.main.TestCaseExecutor.doExecute(TestCaseExecutor.java:285)
	at com.kms.katalon.core.main.TestCaseExecutor.processExecutionPhase(TestCaseExecutor.java:264)
	at com.kms.katalon.core.main.TestCaseExecutor.accessMainPhase(TestCaseExecutor.java:256)
	at com.kms.katalon.core.main.TestCaseExecutor.execute(TestCaseExecutor.java:200)
	at com.kms.katalon.core.main.TestSuiteExecutor.accessTestCaseMainPhase(TestSuiteExecutor.java:129)
	at com.kms.katalon.core.main.TestSuiteExecutor.accessTestSuiteMainPhase(TestSuiteExecutor.java:112)
	at com.kms.katalon.core.main.TestSuiteExecutor.execute(TestSuiteExecutor.java:81)
	at com.kms.katalon.core.main.TestCaseMain.startTestSuite(TestCaseMain.java:142)
	at com.kms.katalon.core.main.TestCaseMain$startTestSuite$0.call(Unknown Source)
	at org.codehaus.groovy.runtime.callsite.CallSiteArray.defaultCall(CallSiteArray.java:48)
	at org.codehaus.groovy.runtime.callsite.AbstractCallSite.call(AbstractCallSite.java:113)
	at org.codehaus.groovy.runtime.callsite.AbstractCallSite.call(AbstractCallSite.java:141)
	at TempTestSuite1542869175846.run(TempTestSuite1542869175846.groovy:36)
	at groovy.lang.GroovyShell.runScriptOrMainOrTestOrRunnable(GroovyShell.java:263)
	at groovy.lang.GroovyShell.run(GroovyShell.java:518)
	at groovy.lang.GroovyShell.run(GroovyShell.java:507)
	at groovy.ui.GroovyMain.processOnce(GroovyMain.java:653)
	at groovy.ui.GroovyMain.run(GroovyMain.java:384)
	at groovy.ui.GroovyMain.process(GroovyMain.java:370)
	at groovy.ui.GroovyMain.processArgs(GroovyMain.java:129)
	at groovy.ui.GroovyMain.main(GroovyMain.java:109)
	at sun.reflect.NativeMethodAccessorImpl.invoke0(Native Method)
	at sun.reflect.NativeMethodAccessorImpl.invoke(NativeMethodAccessorImpl.java:62)
	at sun.reflect.DelegatingMethodAccessorImpl.invoke(DelegatingMethodAccessorImpl.java:43)
	at java.lang.reflect.Method.invoke(Method.java:498)
	at org.codehaus.groovy.tools.GroovyStarter.rootLoader(GroovyStarter.java:109)
	at org.codehaus.groovy.tools.GroovyStarter.main(GroovyStarter.java:131)
)]]></system-err>
      </testcase>
      <system-out><![CDATA[2018-11-22 13:46:18 - [TEST_SUITE][FAILED] - Test Kumparan: Test Cases/Kumparan/Comment/Comment With Login FB FAILED because (of) (Stack trace: com.kms.katalon.core.exception.StepFailedException: Unable to click on object 'Object Repository/WebPage/Home/lblTrending' (Root cause: com.kms.katalon.core.webui.exception.WebElementNotFoundException: Web element with id: 'Object Repository/WebPage/Home/lblTrending' located by 'By.xpath: //div[@class='View__StyledView-sc-1nce11s-0 eFflwP']/div[1]/div[1]/div/div/a[2]' not found)
	at com.kms.katalon.core.keyword.internal.KeywordMain.stepFailed(KeywordMain.groovy:36)
	at com.kms.katalon.core.webui.keyword.internal.WebUIKeywordMain.stepFailed(WebUIKeywordMain.groovy:65)
	at com.kms.katalon.core.webui.keyword.internal.WebUIKeywordMain.runKeyword(WebUIKeywordMain.groovy:27)
	at com.kms.katalon.core.webui.keyword.builtin.ClickKeyword.click(ClickKeyword.groovy:86)
	at com.kms.katalon.core.webui.keyword.builtin.ClickKeyword.execute(ClickKeyword.groovy:67)
	at com.kms.katalon.core.keyword.internal.KeywordExecutor.executeKeywordForPlatform(KeywordExecutor.groovy:53)
	at com.kms.katalon.core.webui.keyword.WebUiBuiltInKeywords.click(WebUiBuiltInKeywords.groovy:616)
	at com.kms.katalon.core.webui.keyword.WebUiBuiltInKeywords$click$6.call(Unknown Source)
	at org.codehaus.groovy.runtime.callsite.CallSiteArray.defaultCall(CallSiteArray.java:48)
	at org.codehaus.groovy.runtime.callsite.AbstractCallSite.call(AbstractCallSite.java:113)
	at org.codehaus.groovy.runtime.callsite.AbstractCallSite.call(AbstractCallSite.java:125)
	at Script1542797500707.run(Script1542797500707.groovy:50)
	at com.kms.katalon.core.main.ScriptEngine.run(ScriptEngine.java:183)
	at com.kms.katalon.core.main.ScriptEngine.runScriptAsRawText(ScriptEngine.java:108)
	at com.kms.katalon.core.main.TestCaseExecutor.runScript(TestCaseExecutor.java:294)
	at com.kms.katalon.core.main.TestCaseExecutor.doExecute(TestCaseExecutor.java:285)
	at com.kms.katalon.core.main.TestCaseExecutor.processExecutionPhase(TestCaseExecutor.java:264)
	at com.kms.katalon.core.main.TestCaseExecutor.accessMainPhase(TestCaseExecutor.java:256)
	at com.kms.katalon.core.main.TestCaseExecutor.execute(TestCaseExecutor.java:200)
	at com.kms.katalon.core.main.TestSuiteExecutor.accessTestCaseMainPhase(TestSuiteExecutor.java:129)
	at com.kms.katalon.core.main.TestSuiteExecutor.accessTestSuiteMainPhase(TestSuiteExecutor.java:112)
	at com.kms.katalon.core.main.TestSuiteExecutor.execute(TestSuiteExecutor.java:81)
	at com.kms.katalon.core.main.TestCaseMain.startTestSuite(TestCaseMain.java:142)
	at com.kms.katalon.core.main.TestCaseMain$startTestSuite$0.call(Unknown Source)
	at org.codehaus.groovy.runtime.callsite.CallSiteArray.defaultCall(CallSiteArray.java:48)
	at org.codehaus.groovy.runtime.callsite.AbstractCallSite.call(AbstractCallSite.java:113)
	at org.codehaus.groovy.runtime.callsite.AbstractCallSite.call(AbstractCallSite.java:141)
	at TempTestSuite1542869175846.run(TempTestSuite1542869175846.groovy:36)
	at groovy.lang.GroovyShell.runScriptOrMainOrTestOrRunnable(GroovyShell.java:263)
	at groovy.lang.GroovyShell.run(GroovyShell.java:518)
	at groovy.lang.GroovyShell.run(GroovyShell.java:507)
	at groovy.ui.GroovyMain.processOnce(GroovyMain.java:653)
	at groovy.ui.GroovyMain.run(GroovyMain.java:384)
	at groovy.ui.GroovyMain.process(GroovyMain.java:370)
	at groovy.ui.GroovyMain.processArgs(GroovyMain.java:129)
	at groovy.ui.GroovyMain.main(GroovyMain.java:109)
	at sun.reflect.NativeMethodAccessorImpl.invoke0(Native Method)
	at sun.reflect.NativeMethodAccessorImpl.invoke(NativeMethodAccessorImpl.java:62)
	at sun.reflect.DelegatingMethodAccessorImpl.invoke(DelegatingMethodAccessorImpl.java:43)
	at java.lang.reflect.Method.invoke(Method.java:498)
	at org.codehaus.groovy.tools.GroovyStarter.rootLoader(GroovyStarter.java:109)
	at org.codehaus.groovy.tools.GroovyStarter.main(GroovyStarter.java:131)
)]]></system-out>
      <system-err><![CDATA[2018-11-22 13:46:18 - [TEST_SUITE][FAILED] - Test Kumparan: Test Cases/Kumparan/Comment/Comment With Login FB FAILED because (of) (Stack trace: com.kms.katalon.core.exception.StepFailedException: Unable to click on object 'Object Repository/WebPage/Home/lblTrending' (Root cause: com.kms.katalon.core.webui.exception.WebElementNotFoundException: Web element with id: 'Object Repository/WebPage/Home/lblTrending' located by 'By.xpath: //div[@class='View__StyledView-sc-1nce11s-0 eFflwP']/div[1]/div[1]/div/div/a[2]' not found)
	at com.kms.katalon.core.keyword.internal.KeywordMain.stepFailed(KeywordMain.groovy:36)
	at com.kms.katalon.core.webui.keyword.internal.WebUIKeywordMain.stepFailed(WebUIKeywordMain.groovy:65)
	at com.kms.katalon.core.webui.keyword.internal.WebUIKeywordMain.runKeyword(WebUIKeywordMain.groovy:27)
	at com.kms.katalon.core.webui.keyword.builtin.ClickKeyword.click(ClickKeyword.groovy:86)
	at com.kms.katalon.core.webui.keyword.builtin.ClickKeyword.execute(ClickKeyword.groovy:67)
	at com.kms.katalon.core.keyword.internal.KeywordExecutor.executeKeywordForPlatform(KeywordExecutor.groovy:53)
	at com.kms.katalon.core.webui.keyword.WebUiBuiltInKeywords.click(WebUiBuiltInKeywords.groovy:616)
	at com.kms.katalon.core.webui.keyword.WebUiBuiltInKeywords$click$6.call(Unknown Source)
	at org.codehaus.groovy.runtime.callsite.CallSiteArray.defaultCall(CallSiteArray.java:48)
	at org.codehaus.groovy.runtime.callsite.AbstractCallSite.call(AbstractCallSite.java:113)
	at org.codehaus.groovy.runtime.callsite.AbstractCallSite.call(AbstractCallSite.java:125)
	at Script1542797500707.run(Script1542797500707.groovy:50)
	at com.kms.katalon.core.main.ScriptEngine.run(ScriptEngine.java:183)
	at com.kms.katalon.core.main.ScriptEngine.runScriptAsRawText(ScriptEngine.java:108)
	at com.kms.katalon.core.main.TestCaseExecutor.runScript(TestCaseExecutor.java:294)
	at com.kms.katalon.core.main.TestCaseExecutor.doExecute(TestCaseExecutor.java:285)
	at com.kms.katalon.core.main.TestCaseExecutor.processExecutionPhase(TestCaseExecutor.java:264)
	at com.kms.katalon.core.main.TestCaseExecutor.accessMainPhase(TestCaseExecutor.java:256)
	at com.kms.katalon.core.main.TestCaseExecutor.execute(TestCaseExecutor.java:200)
	at com.kms.katalon.core.main.TestSuiteExecutor.accessTestCaseMainPhase(TestSuiteExecutor.java:129)
	at com.kms.katalon.core.main.TestSuiteExecutor.accessTestSuiteMainPhase(TestSuiteExecutor.java:112)
	at com.kms.katalon.core.main.TestSuiteExecutor.execute(TestSuiteExecutor.java:81)
	at com.kms.katalon.core.main.TestCaseMain.startTestSuite(TestCaseMain.java:142)
	at com.kms.katalon.core.main.TestCaseMain$startTestSuite$0.call(Unknown Source)
	at org.codehaus.groovy.runtime.callsite.CallSiteArray.defaultCall(CallSiteArray.java:48)
	at org.codehaus.groovy.runtime.callsite.AbstractCallSite.call(AbstractCallSite.java:113)
	at org.codehaus.groovy.runtime.callsite.AbstractCallSite.call(AbstractCallSite.java:141)
	at TempTestSuite1542869175846.run(TempTestSuite1542869175846.groovy:36)
	at groovy.lang.GroovyShell.runScriptOrMainOrTestOrRunnable(GroovyShell.java:263)
	at groovy.lang.GroovyShell.run(GroovyShell.java:518)
	at groovy.lang.GroovyShell.run(GroovyShell.java:507)
	at groovy.ui.GroovyMain.processOnce(GroovyMain.java:653)
	at groovy.ui.GroovyMain.run(GroovyMain.java:384)
	at groovy.ui.GroovyMain.process(GroovyMain.java:370)
	at groovy.ui.GroovyMain.processArgs(GroovyMain.java:129)
	at groovy.ui.GroovyMain.main(GroovyMain.java:109)
	at sun.reflect.NativeMethodAccessorImpl.invoke0(Native Method)
	at sun.reflect.NativeMethodAccessorImpl.invoke(NativeMethodAccessorImpl.java:62)
	at sun.reflect.DelegatingMethodAccessorImpl.invoke(DelegatingMethodAccessorImpl.java:43)
	at java.lang.reflect.Method.invoke(Method.java:498)
	at org.codehaus.groovy.tools.GroovyStarter.rootLoader(GroovyStarter.java:109)
	at org.codehaus.groovy.tools.GroovyStarter.main(GroovyStarter.java:131)
)]]></system-err>
   </testsuite>
</testsuites>
